{"numTotalTestSuites":59,"numPassedTestSuites":57,"numFailedTestSuites":2,"numPendingTestSuites":0,"numTotalTests":120,"numPassedTests":119,"numFailedTests":1,"numPendingTests":0,"numTodoTests":0,"snapshot":{"added":0,"failure":false,"filesAdded":0,"filesRemoved":0,"filesRemovedList":[],"filesUnmatched":0,"filesUpdated":0,"matched":0,"total":0,"unchecked":0,"uncheckedKeysByFile":[],"unmatched":0,"updated":0,"didUpdate":false},"startTime":1766993583215,"success":false,"testResults":[{"assertionResults":[{"ancestorTitles":["api service","initializeServerState"],"fullName":"api service initializeServerState should initialize with empty state","status":"passed","title":"should initialize with empty state","duration":3.0727999999999156,"failureMessages":[],"meta":{}},{"ancestorTitles":["api service","getServerState"],"fullName":"api service getServerState should return server state","status":"passed","title":"should return server state","duration":12.181700000000092,"failureMessages":[],"meta":{}},{"ancestorTitles":["api service","createList"],"fullName":"api service createList should create a new list","status":"passed","title":"should create a new list","duration":33.35579999999982,"failureMessages":[],"meta":{}},{"ancestorTitles":["api service","createCard"],"fullName":"api service createCard should create a new card","status":"passed","title":"should create a new card","duration":4.066699999999855,"failureMessages":[],"meta":{}},{"ancestorTitles":["api service","checkForConflicts"],"fullName":"api service checkForConflicts should detect no conflict when versions match","status":"passed","title":"should detect no conflict when versions match","duration":1.1523999999999432,"failureMessages":[],"meta":{}},{"ancestorTitles":["api service","checkForConflicts"],"fullName":"api service checkForConflicts should detect conflict when server is newer","status":"passed","title":"should detect conflict when server is newer","duration":1.1757000000002336,"failureMessages":[],"meta":{}},{"ancestorTitles":["api service","syncChanges"],"fullName":"api service syncChanges should process empty sync queue","status":"passed","title":"should process empty sync queue","duration":326.33230000000003,"failureMessages":[],"meta":{}},{"ancestorTitles":["api service","syncChanges"],"fullName":"api service syncChanges should handle create list changes","status":"passed","title":"should handle create list changes","duration":330.18920000000026,"failureMessages":[],"meta":{}},{"ancestorTitles":["api service","threeWayMerge"],"fullName":"api service threeWayMerge should be a function","status":"passed","title":"should be a function","duration":0.6068999999997686,"failureMessages":[],"meta":{}}],"startTime":1766993585476,"endTime":1766993586189.607,"status":"passed","message":"","name":"D:/UI3/Trello/client/src/tests/api.test.js"},{"assertionResults":[{"ancestorTitles":["Board"],"fullName":"Board should render the board","status":"passed","title":"should render the board","duration":135.79070000000002,"failureMessages":[],"meta":{}},{"ancestorTitles":["Board"],"fullName":"Board should display add list button","status":"passed","title":"should display add list button","duration":35.821699999999964,"failureMessages":[],"meta":{}},{"ancestorTitles":["Board"],"fullName":"Board should render existing lists from seed data","status":"passed","title":"should render existing lists from seed data","duration":31.33889999999974,"failureMessages":[],"meta":{}},{"ancestorTitles":["Board"],"fullName":"Board should show add list form when clicking add button","status":"passed","title":"should show add list form when clicking add button","duration":38.816299999999956,"failureMessages":[],"meta":{}},{"ancestorTitles":["Board"],"fullName":"Board should add a new list","status":"passed","title":"should add a new list","duration":51.333000000000084,"failureMessages":[],"meta":{}},{"ancestorTitles":["Board"],"fullName":"Board should cancel adding list on escape","status":"passed","title":"should cancel adding list on escape","duration":31.390300000000025,"failureMessages":[],"meta":{}},{"ancestorTitles":["Board"],"fullName":"Board should have proper accessibility attributes","status":"passed","title":"should have proper accessibility attributes","duration":10.811400000000049,"failureMessages":[],"meta":{}},{"ancestorTitles":["Board"],"fullName":"Board should display list count badge","status":"passed","title":"should display list count badge","duration":9.054299999999785,"failureMessages":[],"meta":{}}],"startTime":1766993585836,"endTime":1766993586181.0542,"status":"passed","message":"","name":"D:/UI3/Trello/client/src/tests/Board.test.jsx"},{"assertionResults":[{"ancestorTitles":["BoardProvider"],"fullName":"BoardProvider initializes with seed data when storage is empty","status":"passed","title":"initializes with seed data when storage is empty","duration":53.05549999999994,"failureMessages":[],"meta":{}},{"ancestorTitles":["BoardProvider"],"fullName":"BoardProvider initializes with stored data when available","status":"passed","title":"initializes with stored data when available","duration":10.369799999999941,"failureMessages":[],"meta":{}},{"ancestorTitles":["BoardProvider"],"fullName":"BoardProvider updates online status based on window events","status":"passed","title":"updates online status based on window events","duration":16.31269999999995,"failureMessages":[],"meta":{}}],"startTime":1766993585747,"endTime":1766993585827.3127,"status":"passed","message":"","name":"D:/UI3/Trello/client/src/tests/BoardProvider.test.jsx"},{"assertionResults":[{"ancestorTitles":["boardReducer","List Actions"],"fullName":"boardReducer List Actions should add a new list","status":"passed","title":"should add a new list","duration":4.315300000000207,"failureMessages":[],"meta":{}},{"ancestorTitles":["boardReducer","List Actions"],"fullName":"boardReducer List Actions should rename a list","status":"passed","title":"should rename a list","duration":0.46339999999963766,"failureMessages":[],"meta":{}},{"ancestorTitles":["boardReducer","List Actions"],"fullName":"boardReducer List Actions should archive a list","status":"passed","title":"should archive a list","duration":0.2899999999999636,"failureMessages":[],"meta":{}},{"ancestorTitles":["boardReducer","List Actions"],"fullName":"boardReducer List Actions should restore a list","status":"passed","title":"should restore a list","duration":0.3181000000004133,"failureMessages":[],"meta":{}},{"ancestorTitles":["boardReducer","Card Actions"],"fullName":"boardReducer Card Actions should add a new card","status":"passed","title":"should add a new card","duration":0.7208000000000538,"failureMessages":[],"meta":{}},{"ancestorTitles":["boardReducer","Card Actions"],"fullName":"boardReducer Card Actions should update a card","status":"passed","title":"should update a card","duration":0.40810000000010405,"failureMessages":[],"meta":{}},{"ancestorTitles":["boardReducer","Card Actions"],"fullName":"boardReducer Card Actions should delete a card","status":"passed","title":"should delete a card","duration":0.5023000000001048,"failureMessages":[],"meta":{}},{"ancestorTitles":["boardReducer","Card Actions"],"fullName":"boardReducer Card Actions should move a card between lists","status":"passed","title":"should move a card between lists","duration":0.38209999999980937,"failureMessages":[],"meta":{}},{"ancestorTitles":["boardReducer","Bulk Actions"],"fullName":"boardReducer Bulk Actions should set board state","status":"passed","title":"should set board state","duration":1.3170999999997548,"failureMessages":[],"meta":{}},{"ancestorTitles":["boardReducer","Bulk Actions"],"fullName":"boardReducer Bulk Actions should clear board","status":"passed","title":"should clear board","duration":0.5336000000002059,"failureMessages":[],"meta":{}},{"ancestorTitles":["boardReducer","Sync Actions"],"fullName":"boardReducer Sync Actions should mark synced","status":"passed","title":"should mark synced","duration":0.21720000000004802,"failureMessages":[],"meta":{}},{"ancestorTitles":["boardReducer","Sync Actions"],"fullName":"boardReducer Sync Actions should clear queue","status":"passed","title":"should clear queue","duration":0.2053000000000793,"failureMessages":[],"meta":{}},{"ancestorTitles":["boardReducer","Sync Actions"],"fullName":"boardReducer Sync Actions should remove item from queue","status":"passed","title":"should remove item from queue","duration":0.34960000000000946,"failureMessages":[],"meta":{}},{"ancestorTitles":["boardReducer","Undo/Redo"],"fullName":"boardReducer Undo/Redo should push history","status":"passed","title":"should push history","duration":0.36009999999987485,"failureMessages":[],"meta":{}},{"ancestorTitles":["boardReducer","Undo/Redo"],"fullName":"boardReducer Undo/Redo should undo","status":"passed","title":"should undo","duration":0.29559999999992215,"failureMessages":[],"meta":{}},{"ancestorTitles":["boardReducer","Undo/Redo"],"fullName":"boardReducer Undo/Redo should redo","status":"passed","title":"should redo","duration":0.2436000000002423,"failureMessages":[],"meta":{}},{"ancestorTitles":["boardReducer","Conflict Resolution"],"fullName":"boardReducer Conflict Resolution should add conflict","status":"passed","title":"should add conflict","duration":0.3667000000000371,"failureMessages":[],"meta":{}},{"ancestorTitles":["boardReducer","Conflict Resolution"],"fullName":"boardReducer Conflict Resolution should resolve conflict with local version","status":"passed","title":"should resolve conflict with local version","duration":0.3931999999999789,"failureMessages":[],"meta":{}}],"startTime":1766993585477,"endTime":1766993585489.3933,"status":"passed","message":"","name":"D:/UI3/Trello/client/src/tests/boardReducer.test.js"},{"assertionResults":[{"ancestorTitles":["Card"],"fullName":"Card should render card title","status":"passed","title":"should render card title","duration":53.33419999999978,"failureMessages":[],"meta":{}},{"ancestorTitles":["Card"],"fullName":"Card should render card description","status":"passed","title":"should render card description","duration":13.20869999999968,"failureMessages":[],"meta":{}},{"ancestorTitles":["Card"],"fullName":"Card should render tags","status":"passed","title":"should render tags","duration":12.987899999999627,"failureMessages":[],"meta":{}},{"ancestorTitles":["Card"],"fullName":"Card should limit displayed tags to 3","status":"passed","title":"should limit displayed tags to 3","duration":10.916199999999662,"failureMessages":[],"meta":{}},{"ancestorTitles":["Card"],"fullName":"Card should call onClick when clicked","status":"passed","title":"should call onClick when clicked","duration":76.11499999999978,"failureMessages":[],"meta":{}},{"ancestorTitles":["Card"],"fullName":"Card should be keyboard accessible","status":"passed","title":"should be keyboard accessible","duration":11.68139999999994,"failureMessages":[],"meta":{}},{"ancestorTitles":["Card"],"fullName":"Card should have correct aria-label","status":"passed","title":"should have correct aria-label","duration":5.6664999999998145,"failureMessages":[],"meta":{}},{"ancestorTitles":["Card"],"fullName":"Card should be draggable","status":"passed","title":"should be draggable","duration":6.751800000000003,"failureMessages":[],"meta":{}},{"ancestorTitles":["Card"],"fullName":"Card should call onDragStart when drag starts","status":"passed","title":"should call onDragStart when drag starts","duration":5.977800000000116,"failureMessages":[],"meta":{}},{"ancestorTitles":["Card"],"fullName":"Card should apply dragging styles when isDragging is true","status":"passed","title":"should apply dragging styles when isDragging is true","duration":5.846100000000206,"failureMessages":[],"meta":{}}],"startTime":1766993585758,"endTime":1766993585960.8462,"status":"passed","message":"","name":"D:/UI3/Trello/client/src/tests/Card.test.jsx"},{"assertionResults":[{"ancestorTitles":["Conflict Resolution Logic Verification"],"fullName":"Conflict Resolution Logic Verification should overwrite server when KEEPING LOCAL changes","status":"passed","title":"should overwrite server when KEEPING LOCAL changes","duration":4.205899999999929,"failureMessages":[],"meta":{}},{"ancestorTitles":["Conflict Resolution Logic Verification"],"fullName":"Conflict Resolution Logic Verification should restore server version when USING SERVER","status":"passed","title":"should restore server version when USING SERVER","duration":0.6402000000002772,"failureMessages":[],"meta":{}}],"startTime":1766993585476,"endTime":1766993585481.6401,"status":"passed","message":"","name":"D:/UI3/Trello/client/src/tests/conflictVerification.test.js"},{"assertionResults":[{"ancestorTitles":["helpers","sortByOrder"],"fullName":"helpers sortByOrder should sort items by order","status":"passed","title":"should sort items by order","duration":2.004099999999653,"failureMessages":[],"meta":{}},{"ancestorTitles":["helpers","sortByOrder"],"fullName":"helpers sortByOrder should handle missing order values","status":"passed","title":"should handle missing order values","duration":0.4115999999999076,"failureMessages":[],"meta":{}},{"ancestorTitles":["helpers","reorderArray"],"fullName":"helpers reorderArray should reorder items","status":"passed","title":"should reorder items","duration":1.221599999999853,"failureMessages":[],"meta":{}},{"ancestorTitles":["helpers","groupBy"],"fullName":"helpers groupBy should group items by key","status":"passed","title":"should group items by key","duration":1.891700000000128,"failureMessages":[],"meta":{}},{"ancestorTitles":["helpers","groupBy"],"fullName":"helpers groupBy should support function key","status":"passed","title":"should support function key","duration":0.7395999999998821,"failureMessages":[],"meta":{}},{"ancestorTitles":["helpers","truncateText"],"fullName":"helpers truncateText should truncate long text","status":"passed","title":"should truncate long text","duration":0.4549000000001797,"failureMessages":[],"meta":{}},{"ancestorTitles":["helpers","truncateText"],"fullName":"helpers truncateText should not truncate short text","status":"passed","title":"should not truncate short text","duration":0.29730000000017753,"failureMessages":[],"meta":{}},{"ancestorTitles":["helpers","truncateText"],"fullName":"helpers truncateText should handle empty text","status":"passed","title":"should handle empty text","duration":0.21820000000025175,"failureMessages":[],"meta":{}},{"ancestorTitles":["helpers","getTagColor"],"fullName":"helpers getTagColor should return a color class","status":"passed","title":"should return a color class","duration":0.6568999999999505,"failureMessages":[],"meta":{}},{"ancestorTitles":["helpers","getTagColor"],"fullName":"helpers getTagColor should return consistent colors for same tag","status":"passed","title":"should return consistent colors for same tag","duration":0.4915000000000873,"failureMessages":[],"meta":{}},{"ancestorTitles":["helpers","classNames"],"fullName":"helpers classNames should join class names","status":"passed","title":"should join class names","duration":0.3042000000000371,"failureMessages":[],"meta":{}},{"ancestorTitles":["helpers","classNames"],"fullName":"helpers classNames should filter falsy values","status":"passed","title":"should filter falsy values","duration":0.2519000000002052,"failureMessages":[],"meta":{}},{"ancestorTitles":["helpers","deepClone"],"fullName":"helpers deepClone should create a deep copy","status":"passed","title":"should create a deep copy","duration":0.35170000000016444,"failureMessages":[],"meta":{}},{"ancestorTitles":["helpers","isEqual"],"fullName":"helpers isEqual should compare objects","status":"passed","title":"should compare objects","duration":0.4159999999997126,"failureMessages":[],"meta":{}},{"ancestorTitles":["helpers","getCardsForList"],"fullName":"helpers getCardsForList should filter and sort cards","status":"passed","title":"should filter and sort cards","duration":0.6467999999999847,"failureMessages":[],"meta":{}},{"ancestorTitles":["helpers","getVisibleLists"],"fullName":"helpers getVisibleLists should filter archived lists","status":"passed","title":"should filter archived lists","duration":0.6136999999998807,"failureMessages":[],"meta":{}},{"ancestorTitles":["helpers","generateSeedData"],"fullName":"helpers generateSeedData should generate specified number of cards","status":"passed","title":"should generate specified number of cards","duration":2.9327000000002954,"failureMessages":[],"meta":{}},{"ancestorTitles":["helpers","generateSeedData"],"fullName":"helpers generateSeedData should distribute cards across lists","status":"passed","title":"should distribute cards across lists","duration":1.1022000000002663,"failureMessages":[],"meta":{}}],"startTime":1766993585485,"endTime":1766993585502.1023,"status":"passed","message":"","name":"D:/UI3/Trello/client/src/tests/helpers.test.js"},{"assertionResults":[{"ancestorTitles":["ListColumn"],"fullName":"ListColumn should render list title","status":"passed","title":"should render list title","duration":69.0005000000001,"failureMessages":[],"meta":{}},{"ancestorTitles":["ListColumn"],"fullName":"ListColumn should render card count","status":"passed","title":"should render card count","duration":13.05029999999988,"failureMessages":[],"meta":{}},{"ancestorTitles":["ListColumn"],"fullName":"ListColumn should render cards","status":"passed","title":"should render cards","duration":12.58680000000004,"failureMessages":[],"meta":{}},{"ancestorTitles":["ListColumn"],"fullName":"ListColumn should show add card button","status":"passed","title":"should show add card button","duration":8.598099999999704,"failureMessages":[],"meta":{}},{"ancestorTitles":["ListColumn"],"fullName":"ListColumn should show add card form when clicking add button","status":"passed","title":"should show add card form when clicking add button","duration":16.524000000000342,"failureMessages":[],"meta":{}},{"ancestorTitles":["ListColumn"],"fullName":"ListColumn should show menu when clicking menu button","status":"passed","title":"should show menu when clicking menu button","duration":11.245499999999993,"failureMessages":[],"meta":{}},{"ancestorTitles":["ListColumn"],"fullName":"ListColumn should call onArchiveList when archive is clicked","status":"passed","title":"should call onArchiveList when archive is clicked","duration":15.904599999999846,"failureMessages":[],"meta":{}},{"ancestorTitles":["ListColumn"],"fullName":"ListColumn should show empty state when no cards","status":"passed","title":"should show empty state when no cards","duration":6.409799999999905,"failureMessages":[],"meta":{}},{"ancestorTitles":["ListColumn"],"fullName":"ListColumn should have proper accessibility role","status":"passed","title":"should have proper accessibility role","duration":71.61709999999994,"failureMessages":[],"meta":{}},{"ancestorTitles":["ListColumn"],"fullName":"ListColumn should apply drag over styles when isDragOver is true","status":"failed","title":"should apply drag over styles when isDragOver is true","duration":28.3449999999998,"failureMessages":["AssertionError: expected '\\n        list-column flex-shrink-0 w…' to contain 'border-red'\n    at D:\\UI3\\Trello\\client\\src\\tests\\ListColumn.test.jsx:112:30\n    at file:///D:/UI3/Trello/client/node_modules/@vitest/runner/dist/index.js:146:14\n    at file:///D:/UI3/Trello/client/node_modules/@vitest/runner/dist/index.js:533:11\n    at runWithTimeout (file:///D:/UI3/Trello/client/node_modules/@vitest/runner/dist/index.js:39:7)\n    at runTest (file:///D:/UI3/Trello/client/node_modules/@vitest/runner/dist/index.js:1056:17)\n    at processTicksAndRejections (node:internal/process/task_queues:105:5)\n    at runSuite (file:///D:/UI3/Trello/client/node_modules/@vitest/runner/dist/index.js:1205:15)\n    at runSuite (file:///D:/UI3/Trello/client/node_modules/@vitest/runner/dist/index.js:1205:15)\n    at runFiles (file:///D:/UI3/Trello/client/node_modules/@vitest/runner/dist/index.js:1262:5)\n    at startTests (file:///D:/UI3/Trello/client/node_modules/@vitest/runner/dist/index.js:1271:3)"],"meta":{}},{"ancestorTitles":["ListColumn"],"fullName":"ListColumn should handle card drag over","status":"passed","title":"should handle card drag over","duration":25.440200000000004,"failureMessages":[],"meta":{}}],"startTime":1766993585825,"endTime":1766993586104.4402,"status":"failed","message":"","name":"D:/UI3/Trello/client/src/tests/ListColumn.test.jsx"},{"assertionResults":[{"ancestorTitles":["storage service","saveToStorage"],"fullName":"storage service saveToStorage should save data to localStorage","status":"passed","title":"should save data to localStorage","duration":3.4804000000003725,"failureMessages":[],"meta":{}},{"ancestorTitles":["storage service","saveToStorage"],"fullName":"storage service saveToStorage should handle complex data structures","status":"passed","title":"should handle complex data structures","duration":0.9623000000001412,"failureMessages":[],"meta":{}},{"ancestorTitles":["storage service","loadFromStorage"],"fullName":"storage service loadFromStorage should load data from localStorage","status":"passed","title":"should load data from localStorage","duration":1.0451999999995678,"failureMessages":[],"meta":{}},{"ancestorTitles":["storage service","loadFromStorage"],"fullName":"storage service loadFromStorage should return null for non-existent keys","status":"passed","title":"should return null for non-existent keys","duration":0.49220000000013897,"failureMessages":[],"meta":{}},{"ancestorTitles":["storage service","loadFromStorage"],"fullName":"storage service loadFromStorage should return null for invalid JSON","status":"passed","title":"should return null for invalid JSON","duration":0.4135000000001128,"failureMessages":[],"meta":{}},{"ancestorTitles":["storage service","removeFromStorage"],"fullName":"storage service removeFromStorage should remove item from localStorage","status":"passed","title":"should remove item from localStorage","duration":0.5335000000000036,"failureMessages":[],"meta":{}},{"ancestorTitles":["storage service","clearStorage"],"fullName":"storage service clearStorage should clear all localStorage items","status":"passed","title":"should clear all localStorage items","duration":0.5058000000003631,"failureMessages":[],"meta":{}},{"ancestorTitles":["storage service","getStorageInfo"],"fullName":"storage service getStorageInfo should return storage usage info","status":"passed","title":"should return storage usage info","duration":0.8598000000001775,"failureMessages":[],"meta":{}}],"startTime":1766993585480,"endTime":1766993585488.8599,"status":"passed","message":"","name":"D:/UI3/Trello/client/src/tests/storage.test.js"},{"assertionResults":[{"ancestorTitles":["useBoardState"],"fullName":"useBoardState should provide state","status":"passed","title":"should provide state","duration":26.814400000000205,"failureMessages":[],"meta":{}},{"ancestorTitles":["useBoardState"],"fullName":"useBoardState should add a list","status":"passed","title":"should add a list","duration":3.861499999999978,"failureMessages":[],"meta":{}},{"ancestorTitles":["useBoardState"],"fullName":"useBoardState should rename a list","status":"passed","title":"should rename a list","duration":6.472400000000107,"failureMessages":[],"meta":{}},{"ancestorTitles":["useBoardState"],"fullName":"useBoardState should archive a list","status":"passed","title":"should archive a list","duration":7.137200000000121,"failureMessages":[],"meta":{}},{"ancestorTitles":["useBoardState"],"fullName":"useBoardState should add a card","status":"passed","title":"should add a card","duration":8.294300000000021,"failureMessages":[],"meta":{}},{"ancestorTitles":["useBoardState"],"fullName":"useBoardState should update a card","status":"passed","title":"should update a card","duration":6.473899999999958,"failureMessages":[],"meta":{}},{"ancestorTitles":["useBoardState"],"fullName":"useBoardState should delete a card","status":"passed","title":"should delete a card","duration":8.775499999999738,"failureMessages":[],"meta":{}},{"ancestorTitles":["useBoardState"],"fullName":"useBoardState should move a card between lists","status":"passed","title":"should move a card between lists","duration":5.163700000000063,"failureMessages":[],"meta":{}}],"startTime":1766993585779,"endTime":1766993585853.1638,"status":"passed","message":"","name":"D:/UI3/Trello/client/src/tests/useBoardState.test.jsx"},{"assertionResults":[{"ancestorTitles":["useUndoRedo"],"fullName":"useUndoRedo should start with no undo/redo available","status":"passed","title":"should start with no undo/redo available","duration":28.08289999999988,"failureMessages":[],"meta":{}},{"ancestorTitles":["useUndoRedo"],"fullName":"useUndoRedo should enable undo after action","status":"passed","title":"should enable undo after action","duration":7.835299999999734,"failureMessages":[],"meta":{}},{"ancestorTitles":["useUndoRedo"],"fullName":"useUndoRedo should undo last action","status":"passed","title":"should undo last action","duration":5.137900000000172,"failureMessages":[],"meta":{}},{"ancestorTitles":["useUndoRedo"],"fullName":"useUndoRedo should redo after undo","status":"passed","title":"should redo after undo","duration":6.2896999999998116,"failureMessages":[],"meta":{}},{"ancestorTitles":["useUndoRedo"],"fullName":"useUndoRedo should track history length","status":"passed","title":"should track history length","duration":5.19380000000001,"failureMessages":[],"meta":{}}],"startTime":1766993585799,"endTime":1766993585852.1938,"status":"passed","message":"","name":"D:/UI3/Trello/client/src/tests/useUndoRedo.test.jsx"},{"assertionResults":[{"ancestorTitles":["validators","validateListTitle"],"fullName":"validators validateListTitle should validate a valid title","status":"passed","title":"should validate a valid title","duration":1.6404999999999745,"failureMessages":[],"meta":{}},{"ancestorTitles":["validators","validateListTitle"],"fullName":"validators validateListTitle should reject empty title","status":"passed","title":"should reject empty title","duration":1.7838999999999032,"failureMessages":[],"meta":{}},{"ancestorTitles":["validators","validateListTitle"],"fullName":"validators validateListTitle should reject title with only whitespace","status":"passed","title":"should reject title with only whitespace","duration":0.3966000000000349,"failureMessages":[],"meta":{}},{"ancestorTitles":["validators","validateListTitle"],"fullName":"validators validateListTitle should reject title longer than 50 characters","status":"passed","title":"should reject title longer than 50 characters","duration":0.5100999999999658,"failureMessages":[],"meta":{}},{"ancestorTitles":["validators","validateListTitle"],"fullName":"validators validateListTitle should trim whitespace","status":"passed","title":"should trim whitespace","duration":0.3906000000001768,"failureMessages":[],"meta":{}},{"ancestorTitles":["validators","validateCardTitle"],"fullName":"validators validateCardTitle should validate a valid title","status":"passed","title":"should validate a valid title","duration":0.40410000000019863,"failureMessages":[],"meta":{}},{"ancestorTitles":["validators","validateCardTitle"],"fullName":"validators validateCardTitle should reject title longer than 200 characters","status":"passed","title":"should reject title longer than 200 characters","duration":0.3007999999999811,"failureMessages":[],"meta":{}},{"ancestorTitles":["validators","validateCardDescription"],"fullName":"validators validateCardDescription should allow empty description","status":"passed","title":"should allow empty description","duration":0.2863000000002103,"failureMessages":[],"meta":{}},{"ancestorTitles":["validators","validateCardDescription"],"fullName":"validators validateCardDescription should allow null description","status":"passed","title":"should allow null description","duration":0.2460999999998421,"failureMessages":[],"meta":{}},{"ancestorTitles":["validators","validateCardDescription"],"fullName":"validators validateCardDescription should reject description longer than 5000 characters","status":"passed","title":"should reject description longer than 5000 characters","duration":0.28949999999986176,"failureMessages":[],"meta":{}},{"ancestorTitles":["validators","validateTag"],"fullName":"validators validateTag should validate a valid tag","status":"passed","title":"should validate a valid tag","duration":0.5176000000001295,"failureMessages":[],"meta":{}},{"ancestorTitles":["validators","validateTag"],"fullName":"validators validateTag should convert to lowercase","status":"passed","title":"should convert to lowercase","duration":0.2885000000001128,"failureMessages":[],"meta":{}},{"ancestorTitles":["validators","validateTag"],"fullName":"validators validateTag should allow hyphens","status":"passed","title":"should allow hyphens","duration":0.259900000000016,"failureMessages":[],"meta":{}},{"ancestorTitles":["validators","validateTag"],"fullName":"validators validateTag should reject special characters","status":"passed","title":"should reject special characters","duration":0.21459999999979118,"failureMessages":[],"meta":{}},{"ancestorTitles":["validators","validateTag"],"fullName":"validators validateTag should reject tags longer than 20 characters","status":"passed","title":"should reject tags longer than 20 characters","duration":0.20479999999997744,"failureMessages":[],"meta":{}},{"ancestorTitles":["validators","validateTags"],"fullName":"validators validateTags should validate valid tags","status":"passed","title":"should validate valid tags","duration":1.0203999999998814,"failureMessages":[],"meta":{}},{"ancestorTitles":["validators","validateTags"],"fullName":"validators validateTags should remove duplicates","status":"passed","title":"should remove duplicates","duration":0.43089999999983775,"failureMessages":[],"meta":{}},{"ancestorTitles":["validators","validateTags"],"fullName":"validators validateTags should limit to 10 tags","status":"passed","title":"should limit to 10 tags","duration":0.34340000000020154,"failureMessages":[],"meta":{}},{"ancestorTitles":["validators","validateCard"],"fullName":"validators validateCard should validate a valid card","status":"passed","title":"should validate a valid card","duration":0.362999999999829,"failureMessages":[],"meta":{}},{"ancestorTitles":["validators","validateCard"],"fullName":"validators validateCard should reject card with invalid title","status":"passed","title":"should reject card with invalid title","duration":0.2921999999998661,"failureMessages":[],"meta":{}}],"startTime":1766993585481,"endTime":1766993585492.363,"status":"passed","message":"","name":"D:/UI3/Trello/client/src/tests/validators.test.js"}]}