{"/mnt/d/UI3/Trello/client/src/App.jsx": {"path":"/mnt/d/UI3/Trello/client/src/App.jsx","all":true,"statementMap":{"0":{"start":{"line":1,"column":0},"end":{"line":1,"column":56}},"1":{"start":{"line":2,"column":0},"end":{"line":2,"column":41}},"2":{"start":{"line":3,"column":0},"end":{"line":3,"column":43}},"3":{"start":{"line":4,"column":0},"end":{"line":4,"column":39}},"4":{"start":{"line":5,"column":0},"end":{"line":5,"column":29}},"5":{"start":{"line":6,"column":0},"end":{"line":6,"column":33}},"7":{"start":{"line":8,"column":0},"end":{"line":8,"column":16}},"8":{"start":{"line":9,"column":0},"end":{"line":9,"column":10}},"9":{"start":{"line":10,"column":0},"end":{"line":10,"column":19}},"10":{"start":{"line":11,"column":0},"end":{"line":11,"column":119}},"11":{"start":{"line":12,"column":0},"end":{"line":12,"column":18}},"12":{"start":{"line":13,"column":0},"end":{"line":13,"column":19}},"13":{"start":{"line":14,"column":0},"end":{"line":14,"column":54}},"14":{"start":{"line":15,"column":0},"end":{"line":15,"column":19}},"15":{"start":{"line":16,"column":0},"end":{"line":16,"column":15}},"16":{"start":{"line":17,"column":0},"end":{"line":17,"column":12}},"17":{"start":{"line":18,"column":0},"end":{"line":18,"column":20}},"19":{"start":{"line":20,"column":0},"end":{"line":20,"column":1}},"21":{"start":{"line":22,"column":0},"end":{"line":22,"column":19}}},"s":{"0":0,"1":0,"2":0,"3":0,"4":0,"5":0,"7":0,"8":0,"9":0,"10":0,"11":0,"12":0,"13":0,"14":0,"15":0,"16":0,"17":0,"19":0,"21":0},"branchMap":{"0":{"type":"branch","line":1,"loc":{"start":{"line":1,"column":628},"end":{"line":22,"column":19}},"locations":[{"start":{"line":1,"column":628},"end":{"line":22,"column":19}}]}},"b":{"0":[0]},"fnMap":{"0":{"name":"(empty-report)","decl":{"start":{"line":1,"column":628},"end":{"line":22,"column":19}},"loc":{"start":{"line":1,"column":628},"end":{"line":22,"column":19}},"line":1}},"f":{"0":0}}
,"/mnt/d/UI3/Trello/client/src/components/Board.jsx": {"path":"/mnt/d/UI3/Trello/client/src/components/Board.jsx","all":false,"statementMap":{"0":{"start":{"line":1,"column":0},"end":{"line":1,"column":8}},"8":{"start":{"line":9,"column":0},"end":{"line":9,"column":15}},"9":{"start":{"line":10,"column":0},"end":{"line":10,"column":55}},"10":{"start":{"line":11,"column":0},"end":{"line":11,"column":38}},"11":{"start":{"line":12,"column":0},"end":{"line":12,"column":44}},"13":{"start":{"line":14,"column":0},"end":{"line":14,"column":64}},"15":{"start":{"line":16,"column":0},"end":{"line":16,"column":21}},"16":{"start":{"line":17,"column":0},"end":{"line":17,"column":9}},"17":{"start":{"line":18,"column":0},"end":{"line":18,"column":10}},"18":{"start":{"line":19,"column":0},"end":{"line":19,"column":12}},"19":{"start":{"line":20,"column":0},"end":{"line":20,"column":13}},"20":{"start":{"line":21,"column":0},"end":{"line":21,"column":16}},"21":{"start":{"line":22,"column":0},"end":{"line":22,"column":16}},"22":{"start":{"line":23,"column":0},"end":{"line":23,"column":22}},"24":{"start":{"line":25,"column":0},"end":{"line":25,"column":55}},"25":{"start":{"line":26,"column":0},"end":{"line":26,"column":61}},"26":{"start":{"line":27,"column":0},"end":{"line":27,"column":59}},"27":{"start":{"line":28,"column":0},"end":{"line":28,"column":58}},"28":{"start":{"line":29,"column":0},"end":{"line":29,"column":55}},"29":{"start":{"line":30,"column":0},"end":{"line":30,"column":61}},"30":{"start":{"line":31,"column":0},"end":{"line":31,"column":59}},"32":{"start":{"line":33,"column":0},"end":{"line":33,"column":36}},"33":{"start":{"line":34,"column":0},"end":{"line":34,"column":39}},"35":{"start":{"line":36,"column":0},"end":{"line":36,"column":38}},"36":{"start":{"line":37,"column":0},"end":{"line":37,"column":31}},"37":{"start":{"line":38,"column":0},"end":{"line":38,"column":39}},"38":{"start":{"line":39,"column":0},"end":{"line":39,"column":55}},"39":{"start":{"line":40,"column":0},"end":{"line":40,"column":21}},"41":{"start":{"line":42,"column":0},"end":{"line":42,"column":38}},"42":{"start":{"line":43,"column":0},"end":{"line":43,"column":54}},"43":{"start":{"line":44,"column":0},"end":{"line":44,"column":66}},"44":{"start":{"line":45,"column":0},"end":{"line":45,"column":37}},"46":{"start":{"line":47,"column":0},"end":{"line":47,"column":38}},"47":{"start":{"line":48,"column":0},"end":{"line":48,"column":17}},"48":{"start":{"line":49,"column":0},"end":{"line":49,"column":33}},"49":{"start":{"line":50,"column":0},"end":{"line":50,"column":49}},"50":{"start":{"line":51,"column":0},"end":{"line":51,"column":57}},"51":{"start":{"line":52,"column":0},"end":{"line":52,"column":6}},"52":{"start":{"line":53,"column":0},"end":{"line":53,"column":18}},"53":{"start":{"line":54,"column":0},"end":{"line":54,"column":4}},"55":{"start":{"line":56,"column":0},"end":{"line":56,"column":66}},"56":{"start":{"line":57,"column":0},"end":{"line":57,"column":46}},"58":{"start":{"line":59,"column":0},"end":{"line":59,"column":42}},"59":{"start":{"line":60,"column":0},"end":{"line":60,"column":27}},"60":{"start":{"line":61,"column":0},"end":{"line":61,"column":25}},"61":{"start":{"line":62,"column":0},"end":{"line":62,"column":22}},"62":{"start":{"line":63,"column":0},"end":{"line":63,"column":24}},"63":{"start":{"line":64,"column":0},"end":{"line":64,"column":21}},"64":{"start":{"line":65,"column":0},"end":{"line":65,"column":8}},"65":{"start":{"line":66,"column":0},"end":{"line":66,"column":6}},"68":{"start":{"line":69,"column":0},"end":{"line":69,"column":53}},"70":{"start":{"line":71,"column":0},"end":{"line":71,"column":31}},"71":{"start":{"line":72,"column":0},"end":{"line":72,"column":52}},"73":{"start":{"line":74,"column":0},"end":{"line":74,"column":62}},"74":{"start":{"line":75,"column":0},"end":{"line":75,"column":5}},"75":{"start":{"line":76,"column":0},"end":{"line":76,"column":9}},"77":{"start":{"line":78,"column":0},"end":{"line":78,"column":44}},"78":{"start":{"line":79,"column":0},"end":{"line":79,"column":56}},"79":{"start":{"line":80,"column":0},"end":{"line":80,"column":25}},"80":{"start":{"line":81,"column":0},"end":{"line":81,"column":28}},"81":{"start":{"line":82,"column":0},"end":{"line":82,"column":27}},"82":{"start":{"line":83,"column":0},"end":{"line":83,"column":9}},"84":{"start":{"line":85,"column":0},"end":{"line":85,"column":71}},"85":{"start":{"line":86,"column":0},"end":{"line":86,"column":23}},"86":{"start":{"line":87,"column":0},"end":{"line":87,"column":39}},"88":{"start":{"line":89,"column":0},"end":{"line":89,"column":30}},"90":{"start":{"line":91,"column":0},"end":{"line":91,"column":29}},"91":{"start":{"line":92,"column":0},"end":{"line":92,"column":34}},"92":{"start":{"line":93,"column":0},"end":{"line":93,"column":5}},"93":{"start":{"line":94,"column":0},"end":{"line":94,"column":9}},"95":{"start":{"line":96,"column":0},"end":{"line":96,"column":46}},"97":{"start":{"line":98,"column":0},"end":{"line":98,"column":53}},"98":{"start":{"line":99,"column":0},"end":{"line":99,"column":30}},"99":{"start":{"line":100,"column":0},"end":{"line":100,"column":29}},"100":{"start":{"line":101,"column":0},"end":{"line":101,"column":5}},"101":{"start":{"line":102,"column":0},"end":{"line":102,"column":9}},"103":{"start":{"line":104,"column":0},"end":{"line":104,"column":33}},"104":{"start":{"line":105,"column":0},"end":{"line":105,"column":46}},"105":{"start":{"line":106,"column":0},"end":{"line":106,"column":25}},"107":{"start":{"line":108,"column":0},"end":{"line":108,"column":31}},"109":{"start":{"line":110,"column":0},"end":{"line":110,"column":55}},"111":{"start":{"line":112,"column":0},"end":{"line":112,"column":56}},"113":{"start":{"line":114,"column":0},"end":{"line":114,"column":24}},"114":{"start":{"line":115,"column":0},"end":{"line":115,"column":64}},"116":{"start":{"line":117,"column":0},"end":{"line":117,"column":42}},"118":{"start":{"line":119,"column":0},"end":{"line":119,"column":75}},"120":{"start":{"line":121,"column":0},"end":{"line":121,"column":77}},"121":{"start":{"line":122,"column":0},"end":{"line":122,"column":56}},"122":{"start":{"line":123,"column":0},"end":{"line":123,"column":9}},"123":{"start":{"line":124,"column":0},"end":{"line":124,"column":14}},"125":{"start":{"line":126,"column":0},"end":{"line":126,"column":65}},"126":{"start":{"line":127,"column":0},"end":{"line":127,"column":7}},"129":{"start":{"line":130,"column":0},"end":{"line":130,"column":27}},"130":{"start":{"line":131,"column":0},"end":{"line":131,"column":30}},"131":{"start":{"line":132,"column":0},"end":{"line":132,"column":29}},"132":{"start":{"line":133,"column":0},"end":{"line":133,"column":6}},"133":{"start":{"line":134,"column":0},"end":{"line":134,"column":57}},"134":{"start":{"line":135,"column":0},"end":{"line":135,"column":4}},"136":{"start":{"line":137,"column":0},"end":{"line":137,"column":48}},"137":{"start":{"line":138,"column":0},"end":{"line":138,"column":26}},"138":{"start":{"line":139,"column":0},"end":{"line":139,"column":22}},"139":{"start":{"line":140,"column":0},"end":{"line":140,"column":39}},"140":{"start":{"line":141,"column":0},"end":{"line":141,"column":10}},"141":{"start":{"line":142,"column":0},"end":{"line":142,"column":9}},"143":{"start":{"line":144,"column":0},"end":{"line":144,"column":50}},"144":{"start":{"line":145,"column":0},"end":{"line":145,"column":45}},"145":{"start":{"line":146,"column":0},"end":{"line":146,"column":23}},"146":{"start":{"line":147,"column":0},"end":{"line":147,"column":28}},"147":{"start":{"line":148,"column":0},"end":{"line":148,"column":26}},"148":{"start":{"line":149,"column":0},"end":{"line":149,"column":29}},"149":{"start":{"line":150,"column":0},"end":{"line":150,"column":5}},"150":{"start":{"line":151,"column":0},"end":{"line":151,"column":30}},"152":{"start":{"line":153,"column":0},"end":{"line":153,"column":49}},"153":{"start":{"line":154,"column":0},"end":{"line":154,"column":24}},"154":{"start":{"line":155,"column":0},"end":{"line":155,"column":27}},"155":{"start":{"line":156,"column":0},"end":{"line":156,"column":9}},"157":{"start":{"line":158,"column":0},"end":{"line":158,"column":43}},"158":{"start":{"line":159,"column":0},"end":{"line":159,"column":12}},"159":{"start":{"line":160,"column":0},"end":{"line":160,"column":30}},"160":{"start":{"line":161,"column":0},"end":{"line":161,"column":27}},"161":{"start":{"line":162,"column":0},"end":{"line":162,"column":31}},"162":{"start":{"line":163,"column":0},"end":{"line":163,"column":38}},"163":{"start":{"line":164,"column":0},"end":{"line":164,"column":30}},"164":{"start":{"line":165,"column":0},"end":{"line":165,"column":7}},"165":{"start":{"line":166,"column":0},"end":{"line":166,"column":6}},"166":{"start":{"line":167,"column":0},"end":{"line":167,"column":47}},"167":{"start":{"line":168,"column":0},"end":{"line":168,"column":4}},"169":{"start":{"line":170,"column":0},"end":{"line":170,"column":64}},"170":{"start":{"line":171,"column":0},"end":{"line":171,"column":22}},"171":{"start":{"line":172,"column":0},"end":{"line":172,"column":28}},"172":{"start":{"line":173,"column":0},"end":{"line":173,"column":115}},"173":{"start":{"line":174,"column":0},"end":{"line":174,"column":24}},"174":{"start":{"line":175,"column":0},"end":{"line":175,"column":28}},"175":{"start":{"line":176,"column":0},"end":{"line":176,"column":31}},"176":{"start":{"line":177,"column":0},"end":{"line":177,"column":8}},"177":{"start":{"line":178,"column":0},"end":{"line":178,"column":45}},"178":{"start":{"line":179,"column":0},"end":{"line":179,"column":7}},"179":{"start":{"line":180,"column":0},"end":{"line":180,"column":20}},"181":{"start":{"line":182,"column":0},"end":{"line":182,"column":49}},"182":{"start":{"line":183,"column":0},"end":{"line":183,"column":31}},"183":{"start":{"line":184,"column":0},"end":{"line":184,"column":9}},"185":{"start":{"line":186,"column":0},"end":{"line":186,"column":46}},"186":{"start":{"line":187,"column":0},"end":{"line":187,"column":28}},"187":{"start":{"line":188,"column":0},"end":{"line":188,"column":9}},"189":{"start":{"line":190,"column":0},"end":{"line":190,"column":10}},"190":{"start":{"line":191,"column":0},"end":{"line":191,"column":8}},"191":{"start":{"line":192,"column":0},"end":{"line":192,"column":89}},"192":{"start":{"line":193,"column":0},"end":{"line":193,"column":19}},"193":{"start":{"line":194,"column":0},"end":{"line":194,"column":31}},"195":{"start":{"line":196,"column":0},"end":{"line":196,"column":10}},"196":{"start":{"line":197,"column":0},"end":{"line":197,"column":26}},"197":{"start":{"line":198,"column":0},"end":{"line":198,"column":134}},"198":{"start":{"line":199,"column":0},"end":{"line":199,"column":26}},"199":{"start":{"line":200,"column":0},"end":{"line":200,"column":8}},"201":{"start":{"line":202,"column":0},"end":{"line":202,"column":42}},"202":{"start":{"line":203,"column":0},"end":{"line":203,"column":19}},"203":{"start":{"line":204,"column":0},"end":{"line":204,"column":23}},"204":{"start":{"line":205,"column":0},"end":{"line":205,"column":21}},"205":{"start":{"line":206,"column":0},"end":{"line":206,"column":42}},"206":{"start":{"line":207,"column":0},"end":{"line":207,"column":23}},"207":{"start":{"line":208,"column":0},"end":{"line":208,"column":49}},"208":{"start":{"line":209,"column":0},"end":{"line":209,"column":75}},"209":{"start":{"line":210,"column":0},"end":{"line":210,"column":41}},"210":{"start":{"line":211,"column":0},"end":{"line":211,"column":39}},"211":{"start":{"line":212,"column":0},"end":{"line":212,"column":35}},"212":{"start":{"line":213,"column":0},"end":{"line":213,"column":37}},"213":{"start":{"line":214,"column":0},"end":{"line":214,"column":39}},"214":{"start":{"line":215,"column":0},"end":{"line":215,"column":29}},"215":{"start":{"line":216,"column":0},"end":{"line":216,"column":39}},"216":{"start":{"line":217,"column":0},"end":{"line":217,"column":43}},"217":{"start":{"line":218,"column":0},"end":{"line":218,"column":10}},"218":{"start":{"line":219,"column":0},"end":{"line":219,"column":9}},"220":{"start":{"line":221,"column":0},"end":{"line":221,"column":42}},"221":{"start":{"line":222,"column":0},"end":{"line":222,"column":25}},"222":{"start":{"line":223,"column":0},"end":{"line":223,"column":100}},"223":{"start":{"line":224,"column":0},"end":{"line":224,"column":18}},"224":{"start":{"line":225,"column":0},"end":{"line":225,"column":35}},"225":{"start":{"line":226,"column":0},"end":{"line":226,"column":25}},"226":{"start":{"line":227,"column":0},"end":{"line":227,"column":34}},"227":{"start":{"line":228,"column":0},"end":{"line":228,"column":63}},"228":{"start":{"line":229,"column":0},"end":{"line":229,"column":46}},"229":{"start":{"line":230,"column":0},"end":{"line":230,"column":42}},"230":{"start":{"line":231,"column":0},"end":{"line":231,"column":47}},"231":{"start":{"line":232,"column":0},"end":{"line":232,"column":215}},"232":{"start":{"line":233,"column":0},"end":{"line":233,"column":41}},"233":{"start":{"line":234,"column":0},"end":{"line":234,"column":28}},"234":{"start":{"line":235,"column":0},"end":{"line":235,"column":14}},"235":{"start":{"line":236,"column":0},"end":{"line":236,"column":45}},"236":{"start":{"line":237,"column":0},"end":{"line":237,"column":21}},"237":{"start":{"line":238,"column":0},"end":{"line":238,"column":29}},"238":{"start":{"line":239,"column":0},"end":{"line":239,"column":37}},"239":{"start":{"line":240,"column":0},"end":{"line":240,"column":37}},"240":{"start":{"line":241,"column":0},"end":{"line":241,"column":41}},"241":{"start":{"line":242,"column":0},"end":{"line":242,"column":18}},"242":{"start":{"line":243,"column":0},"end":{"line":243,"column":140}},"243":{"start":{"line":244,"column":0},"end":{"line":244,"column":15}},"245":{"start":{"line":246,"column":0},"end":{"line":246,"column":23}},"246":{"start":{"line":247,"column":0},"end":{"line":247,"column":21}},"247":{"start":{"line":248,"column":0},"end":{"line":248,"column":29}},"248":{"start":{"line":249,"column":0},"end":{"line":249,"column":37}},"249":{"start":{"line":250,"column":0},"end":{"line":250,"column":37}},"250":{"start":{"line":251,"column":0},"end":{"line":251,"column":40}},"251":{"start":{"line":252,"column":0},"end":{"line":252,"column":18}},"252":{"start":{"line":253,"column":0},"end":{"line":253,"column":88}},"253":{"start":{"line":254,"column":0},"end":{"line":254,"column":47}},"255":{"start":{"line":256,"column":0},"end":{"line":256,"column":20}},"256":{"start":{"line":257,"column":0},"end":{"line":257,"column":37}},"257":{"start":{"line":258,"column":0},"end":{"line":258,"column":29}},"258":{"start":{"line":259,"column":0},"end":{"line":259,"column":39}},"259":{"start":{"line":260,"column":0},"end":{"line":260,"column":37}},"261":{"start":{"line":262,"column":0},"end":{"line":262,"column":23}},"262":{"start":{"line":263,"column":0},"end":{"line":263,"column":41}},"263":{"start":{"line":264,"column":0},"end":{"line":264,"column":42}},"264":{"start":{"line":265,"column":0},"end":{"line":265,"column":35}},"265":{"start":{"line":266,"column":0},"end":{"line":266,"column":44}},"266":{"start":{"line":267,"column":0},"end":{"line":267,"column":20}},"267":{"start":{"line":268,"column":0},"end":{"line":268,"column":22}},"268":{"start":{"line":269,"column":0},"end":{"line":269,"column":23}},"269":{"start":{"line":270,"column":0},"end":{"line":270,"column":18}},"270":{"start":{"line":271,"column":0},"end":{"line":271,"column":16}},"272":{"start":{"line":273,"column":0},"end":{"line":273,"column":17}},"273":{"start":{"line":274,"column":0},"end":{"line":274,"column":25}},"274":{"start":{"line":275,"column":0},"end":{"line":275,"column":40}},"275":{"start":{"line":276,"column":0},"end":{"line":276,"column":225}},"276":{"start":{"line":277,"column":0},"end":{"line":277,"column":37}},"278":{"start":{"line":279,"column":0},"end":{"line":279,"column":16}},"279":{"start":{"line":280,"column":0},"end":{"line":280,"column":96}},"280":{"start":{"line":281,"column":0},"end":{"line":281,"column":25}},"281":{"start":{"line":282,"column":0},"end":{"line":282,"column":35}},"282":{"start":{"line":283,"column":0},"end":{"line":283,"column":33}},"284":{"start":{"line":285,"column":0},"end":{"line":285,"column":19}},"285":{"start":{"line":286,"column":0},"end":{"line":286,"column":37}},"286":{"start":{"line":287,"column":0},"end":{"line":287,"column":38}},"287":{"start":{"line":288,"column":0},"end":{"line":288,"column":31}},"288":{"start":{"line":289,"column":0},"end":{"line":289,"column":34}},"289":{"start":{"line":290,"column":0},"end":{"line":290,"column":16}},"290":{"start":{"line":291,"column":0},"end":{"line":291,"column":18}},"291":{"start":{"line":292,"column":0},"end":{"line":292,"column":73}},"292":{"start":{"line":293,"column":0},"end":{"line":293,"column":19}},"294":{"start":{"line":295,"column":0},"end":{"line":295,"column":12}},"296":{"start":{"line":297,"column":0},"end":{"line":297,"column":24}},"297":{"start":{"line":298,"column":0},"end":{"line":298,"column":17}},"298":{"start":{"line":299,"column":0},"end":{"line":299,"column":20}},"299":{"start":{"line":300,"column":0},"end":{"line":300,"column":110}},"300":{"start":{"line":301,"column":0},"end":{"line":301,"column":130}},"301":{"start":{"line":302,"column":0},"end":{"line":302,"column":114}},"302":{"start":{"line":303,"column":0},"end":{"line":303,"column":20}},"303":{"start":{"line":304,"column":0},"end":{"line":304,"column":18}},"306":{"start":{"line":307,"column":0},"end":{"line":307,"column":76}},"307":{"start":{"line":308,"column":0},"end":{"line":308,"column":19}},"312":{"start":{"line":313,"column":0},"end":{"line":313,"column":26}},"313":{"start":{"line":314,"column":0},"end":{"line":314,"column":24}},"314":{"start":{"line":315,"column":0},"end":{"line":315,"column":39}},"315":{"start":{"line":316,"column":0},"end":{"line":316,"column":43}},"316":{"start":{"line":317,"column":0},"end":{"line":317,"column":47}},"317":{"start":{"line":318,"column":0},"end":{"line":318,"column":45}},"318":{"start":{"line":319,"column":0},"end":{"line":319,"column":12}},"321":{"start":{"line":322,"column":0},"end":{"line":322,"column":11}},"323":{"start":{"line":324,"column":0},"end":{"line":324,"column":2}},"325":{"start":{"line":326,"column":0},"end":{"line":326,"column":27}}},"s":{"0":1,"8":1,"9":1,"10":1,"11":1,"13":1,"15":1,"16":22,"17":22,"18":22,"19":22,"20":22,"21":22,"22":22,"24":22,"25":22,"26":22,"27":22,"28":22,"29":22,"30":22,"32":22,"33":22,"35":22,"36":9,"37":9,"38":9,"39":22,"41":22,"42":8,"43":0,"44":22,"46":22,"47":22,"48":111,"49":111,"50":111,"51":111,"52":22,"53":22,"55":22,"56":0,"58":0,"59":0,"60":0,"61":0,"62":0,"63":0,"64":0,"65":0,"68":0,"70":0,"71":0,"73":0,"74":0,"75":22,"77":22,"78":0,"79":0,"80":0,"81":0,"82":22,"84":22,"85":0,"86":0,"88":0,"90":0,"91":0,"92":0,"93":22,"95":22,"97":0,"98":0,"99":0,"100":0,"101":22,"103":22,"104":22,"105":0,"107":0,"109":0,"111":0,"113":0,"114":0,"116":0,"118":0,"120":0,"121":0,"122":0,"123":0,"125":0,"126":0,"129":0,"130":0,"131":0,"132":0,"133":22,"134":22,"136":22,"137":3,"138":3,"139":3,"140":3,"141":22,"143":22,"144":1,"145":1,"146":1,"147":1,"148":1,"149":1,"150":22,"152":22,"153":1,"154":1,"155":22,"157":22,"158":22,"159":2,"160":1,"161":1,"162":1,"163":1,"164":1,"165":2,"166":22,"167":22,"169":22,"170":0,"171":0,"172":0,"173":0,"174":0,"175":0,"176":0,"177":0,"178":0,"179":22,"181":22,"182":0,"183":22,"185":22,"186":0,"187":22,"189":22,"190":22,"191":22,"192":22,"193":22,"195":22,"196":22,"197":22,"198":22,"199":22,"201":22,"202":111,"203":111,"204":111,"205":111,"206":111,"207":111,"208":111,"209":111,"210":111,"211":111,"212":111,"213":111,"214":111,"215":111,"216":111,"217":111,"218":22,"220":22,"221":22,"222":4,"223":4,"224":4,"225":4,"226":4,"227":4,"228":4,"229":4,"230":4,"231":4,"232":4,"233":4,"234":4,"235":4,"236":4,"237":4,"238":4,"239":0,"240":0,"241":0,"242":4,"243":4,"245":4,"246":4,"247":4,"248":4,"249":0,"250":0,"251":0,"252":4,"253":4,"255":4,"256":4,"257":4,"258":4,"259":4,"261":4,"262":4,"263":4,"264":4,"265":4,"266":4,"267":4,"268":4,"269":4,"270":4,"272":18,"273":18,"274":18,"275":18,"276":18,"278":18,"279":18,"280":18,"281":18,"282":18,"284":18,"285":18,"286":18,"287":18,"288":18,"289":18,"290":18,"291":18,"292":18,"294":22,"296":22,"297":0,"298":0,"299":0,"300":0,"301":0,"302":0,"303":0,"306":0,"307":0,"312":22,"313":0,"314":0,"315":0,"316":0,"317":0,"318":0,"321":22,"323":22,"325":1},"branchMap":{"0":{"type":"branch","line":16,"loc":{"start":{"line":16,"column":14},"end":{"line":324,"column":2}},"locations":[{"start":{"line":16,"column":14},"end":{"line":324,"column":2}}]},"1":{"type":"branch","line":222,"loc":{"start":{"line":222,"column":9},"end":{"line":271,"column":16}},"locations":[{"start":{"line":222,"column":9},"end":{"line":271,"column":16}}]},"2":{"type":"branch","line":271,"loc":{"start":{"line":271,"column":10},"end":{"line":293,"column":19}},"locations":[{"start":{"line":271,"column":10},"end":{"line":293,"column":19}}]},"3":{"type":"branch","line":297,"loc":{"start":{"line":297,"column":7},"end":{"line":308,"column":19}},"locations":[{"start":{"line":297,"column":7},"end":{"line":308,"column":19}}]},"4":{"type":"branch","line":313,"loc":{"start":{"line":313,"column":8},"end":{"line":319,"column":12}},"locations":[{"start":{"line":313,"column":8},"end":{"line":319,"column":12}}]},"5":{"type":"branch","line":36,"loc":{"start":{"line":36,"column":31},"end":{"line":40,"column":5}},"locations":[{"start":{"line":36,"column":31},"end":{"line":40,"column":5}}]},"6":{"type":"branch","line":37,"loc":{"start":{"line":37,"column":19},"end":{"line":37,"column":31}},"locations":[{"start":{"line":37,"column":19},"end":{"line":37,"column":31}}]},"7":{"type":"branch","line":38,"loc":{"start":{"line":38,"column":14},"end":{"line":38,"column":38}},"locations":[{"start":{"line":38,"column":14},"end":{"line":38,"column":38}}]},"8":{"type":"branch","line":39,"loc":{"start":{"line":39,"column":12},"end":{"line":39,"column":53}},"locations":[{"start":{"line":39,"column":12},"end":{"line":39,"column":53}}]},"9":{"type":"branch","line":39,"loc":{"start":{"line":39,"column":25},"end":{"line":39,"column":40}},"locations":[{"start":{"line":39,"column":25},"end":{"line":39,"column":40}}]},"10":{"type":"branch","line":39,"loc":{"start":{"line":39,"column":42},"end":{"line":39,"column":53}},"locations":[{"start":{"line":39,"column":42},"end":{"line":39,"column":53}}]},"11":{"type":"branch","line":42,"loc":{"start":{"line":42,"column":31},"end":{"line":45,"column":5}},"locations":[{"start":{"line":42,"column":31},"end":{"line":45,"column":5}}]},"12":{"type":"branch","line":43,"loc":{"start":{"line":43,"column":9},"end":{"line":43,"column":42}},"locations":[{"start":{"line":43,"column":9},"end":{"line":43,"column":42}}]},"13":{"type":"branch","line":43,"loc":{"start":{"line":43,"column":49},"end":{"line":44,"column":66}},"locations":[{"start":{"line":43,"column":49},"end":{"line":44,"column":66}}]},"14":{"type":"branch","line":48,"loc":{"start":{"line":48,"column":4},"end":{"line":52,"column":6}},"locations":[{"start":{"line":48,"column":4},"end":{"line":52,"column":6}}]},"15":{"type":"branch","line":49,"loc":{"start":{"line":49,"column":21},"end":{"line":49,"column":33}},"locations":[{"start":{"line":49,"column":21},"end":{"line":49,"column":33}}]},"16":{"type":"branch","line":50,"loc":{"start":{"line":50,"column":16},"end":{"line":50,"column":48}},"locations":[{"start":{"line":50,"column":16},"end":{"line":50,"column":48}}]},"17":{"type":"branch","line":51,"loc":{"start":{"line":51,"column":14},"end":{"line":51,"column":55}},"locations":[{"start":{"line":51,"column":14},"end":{"line":51,"column":55}}]},"18":{"type":"branch","line":51,"loc":{"start":{"line":51,"column":27},"end":{"line":51,"column":42}},"locations":[{"start":{"line":51,"column":27},"end":{"line":51,"column":42}}]},"19":{"type":"branch","line":51,"loc":{"start":{"line":51,"column":44},"end":{"line":51,"column":55}},"locations":[{"start":{"line":51,"column":44},"end":{"line":51,"column":55}}]},"20":{"type":"branch","line":137,"loc":{"start":{"line":137,"column":41},"end":{"line":142,"column":5}},"locations":[{"start":{"line":137,"column":41},"end":{"line":142,"column":5}}]},"21":{"type":"branch","line":139,"loc":{"start":{"line":139,"column":15},"end":{"line":141,"column":7}},"locations":[{"start":{"line":139,"column":15},"end":{"line":141,"column":7}}]},"22":{"type":"branch","line":140,"loc":{"start":{"line":140,"column":22},"end":{"line":140,"column":37}},"locations":[{"start":{"line":140,"column":22},"end":{"line":140,"column":37}}]},"23":{"type":"branch","line":144,"loc":{"start":{"line":144,"column":43},"end":{"line":151,"column":5}},"locations":[{"start":{"line":144,"column":43},"end":{"line":151,"column":5}}]},"24":{"type":"branch","line":153,"loc":{"start":{"line":153,"column":42},"end":{"line":156,"column":5}},"locations":[{"start":{"line":153,"column":42},"end":{"line":156,"column":5}}]},"25":{"type":"branch","line":159,"loc":{"start":{"line":159,"column":4},"end":{"line":166,"column":6}},"locations":[{"start":{"line":159,"column":4},"end":{"line":166,"column":6}}]},"26":{"type":"branch","line":160,"loc":{"start":{"line":160,"column":29},"end":{"line":165,"column":7}},"locations":[{"start":{"line":160,"column":29},"end":{"line":165,"column":7}}]},"27":{"type":"branch","line":202,"loc":{"start":{"line":202,"column":24},"end":{"line":218,"column":10}},"locations":[{"start":{"line":202,"column":24},"end":{"line":218,"column":10}}]},"28":{"type":"branch","line":209,"loc":{"start":{"line":209,"column":49},"end":{"line":209,"column":70}},"locations":[{"start":{"line":209,"column":49},"end":{"line":209,"column":70}}]},"29":{"type":"branch","line":210,"loc":{"start":{"line":210,"column":25},"end":{"line":210,"column":41}},"locations":[{"start":{"line":210,"column":25},"end":{"line":210,"column":41}}]},"30":{"type":"branch","line":228,"loc":{"start":{"line":228,"column":24},"end":{"line":228,"column":63}},"locations":[{"start":{"line":228,"column":24},"end":{"line":228,"column":63}}]}},"b":{"0":[22],"1":[4],"2":[18],"3":[0],"4":[0],"5":[9],"6":[0],"7":[46],"8":[37],"9":[0],"10":[9],"11":[8],"12":[0],"13":[0],"14":[111],"15":[0],"16":[55500],"17":[10890],"18":[0],"19":[110],"20":[3],"21":[3],"22":[0],"23":[1],"24":[1],"25":[2],"26":[1],"27":[111],"28":[0],"29":[0],"30":[1]},"fnMap":{"0":{"name":"Board","decl":{"start":{"line":16,"column":14},"end":{"line":324,"column":2}},"loc":{"start":{"line":16,"column":14},"end":{"line":324,"column":2}},"line":16},"1":{"name":"onChange","decl":{"start":{"line":228,"column":24},"end":{"line":228,"column":63}},"loc":{"start":{"line":228,"column":24},"end":{"line":228,"column":63}},"line":228},"2":{"name":"onMouseDown","decl":{"start":{"line":239,"column":29},"end":{"line":242,"column":18}},"loc":{"start":{"line":239,"column":29},"end":{"line":242,"column":18}},"line":239},"3":{"name":"onMouseDown","decl":{"start":{"line":249,"column":29},"end":{"line":252,"column":18}},"loc":{"start":{"line":249,"column":29},"end":{"line":252,"column":18}},"line":249}},"f":{"0":22,"1":1,"2":0,"3":0}}
,"/mnt/d/UI3/Trello/client/src/components/Card.jsx": {"path":"/mnt/d/UI3/Trello/client/src/components/Card.jsx","all":false,"statementMap":{"0":{"start":{"line":1,"column":0},"end":{"line":1,"column":42}},"16":{"start":{"line":17,"column":0},"end":{"line":17,"column":15}},"17":{"start":{"line":18,"column":0},"end":{"line":18,"column":7}},"18":{"start":{"line":19,"column":0},"end":{"line":19,"column":9}},"19":{"start":{"line":20,"column":0},"end":{"line":20,"column":13}},"20":{"start":{"line":21,"column":0},"end":{"line":21,"column":14}},"21":{"start":{"line":22,"column":0},"end":{"line":22,"column":12}},"22":{"start":{"line":23,"column":0},"end":{"line":23,"column":10}},"23":{"start":{"line":24,"column":0},"end":{"line":24,"column":7}},"25":{"start":{"line":26,"column":0},"end":{"line":26,"column":38}},"26":{"start":{"line":27,"column":0},"end":{"line":27,"column":12}},"27":{"start":{"line":28,"column":0},"end":{"line":28,"column":35}},"28":{"start":{"line":29,"column":0},"end":{"line":29,"column":6}},"29":{"start":{"line":30,"column":0},"end":{"line":30,"column":31}},"30":{"start":{"line":31,"column":0},"end":{"line":31,"column":4}},"32":{"start":{"line":33,"column":0},"end":{"line":33,"column":41}},"33":{"start":{"line":34,"column":0},"end":{"line":34,"column":18}},"34":{"start":{"line":35,"column":0},"end":{"line":35,"column":22}},"36":{"start":{"line":37,"column":0},"end":{"line":37,"column":36}},"37":{"start":{"line":38,"column":0},"end":{"line":38,"column":12}},"38":{"start":{"line":39,"column":0},"end":{"line":39,"column":47}},"39":{"start":{"line":40,"column":0},"end":{"line":40,"column":27}},"40":{"start":{"line":41,"column":0},"end":{"line":41,"column":22}},"41":{"start":{"line":42,"column":0},"end":{"line":42,"column":7}},"42":{"start":{"line":43,"column":0},"end":{"line":43,"column":6}},"43":{"start":{"line":44,"column":0},"end":{"line":44,"column":19}},"44":{"start":{"line":45,"column":0},"end":{"line":45,"column":4}},"50":{"start":{"line":51,"column":0},"end":{"line":51,"column":32}},"52":{"start":{"line":53,"column":0},"end":{"line":53,"column":17}},"53":{"start":{"line":54,"column":0},"end":{"line":54,"column":42}},"54":{"start":{"line":55,"column":0},"end":{"line":55,"column":54}},"55":{"start":{"line":56,"column":0},"end":{"line":56,"column":5}},"59":{"start":{"line":60,"column":0},"end":{"line":60,"column":20}},"60":{"start":{"line":61,"column":0},"end":{"line":61,"column":53}},"61":{"start":{"line":62,"column":0},"end":{"line":62,"column":59}},"62":{"start":{"line":63,"column":0},"end":{"line":63,"column":53}},"63":{"start":{"line":64,"column":0},"end":{"line":64,"column":47}},"64":{"start":{"line":65,"column":0},"end":{"line":65,"column":53}},"65":{"start":{"line":66,"column":0},"end":{"line":66,"column":6}},"67":{"start":{"line":68,"column":0},"end":{"line":68,"column":50}},"68":{"start":{"line":69,"column":0},"end":{"line":69,"column":4}},"74":{"start":{"line":75,"column":0},"end":{"line":75,"column":10}},"75":{"start":{"line":76,"column":0},"end":{"line":76,"column":8}},"76":{"start":{"line":77,"column":0},"end":{"line":77,"column":15}},"77":{"start":{"line":78,"column":0},"end":{"line":78,"column":35}},"78":{"start":{"line":79,"column":0},"end":{"line":79,"column":27}},"79":{"start":{"line":80,"column":0},"end":{"line":80,"column":27}},"80":{"start":{"line":81,"column":0},"end":{"line":81,"column":31}},"81":{"start":{"line":82,"column":0},"end":{"line":82,"column":18}},"82":{"start":{"line":83,"column":0},"end":{"line":83,"column":19}},"83":{"start":{"line":84,"column":0},"end":{"line":84,"column":62}},"84":{"start":{"line":85,"column":0},"end":{"line":85,"column":18}},"91":{"start":{"line":92,"column":0},"end":{"line":92,"column":70}},"95":{"start":{"line":96,"column":0},"end":{"line":96,"column":45}},"96":{"start":{"line":97,"column":0},"end":{"line":97,"column":53}},"97":{"start":{"line":98,"column":0},"end":{"line":98,"column":47}},"98":{"start":{"line":99,"column":0},"end":{"line":99,"column":17}},"99":{"start":{"line":100,"column":0},"end":{"line":100,"column":23}},"100":{"start":{"line":101,"column":0},"end":{"line":101,"column":99}},"102":{"start":{"line":103,"column":0},"end":{"line":103,"column":19}},"103":{"start":{"line":104,"column":0},"end":{"line":104,"column":19}},"104":{"start":{"line":105,"column":0},"end":{"line":105,"column":13}},"105":{"start":{"line":106,"column":0},"end":{"line":106,"column":36}},"106":{"start":{"line":107,"column":0},"end":{"line":107,"column":76}},"107":{"start":{"line":108,"column":0},"end":{"line":108,"column":37}},"108":{"start":{"line":109,"column":0},"end":{"line":109,"column":19}},"110":{"start":{"line":111,"column":0},"end":{"line":111,"column":14}},"114":{"start":{"line":115,"column":0},"end":{"line":115,"column":78}},"115":{"start":{"line":116,"column":0},"end":{"line":116,"column":20}},"116":{"start":{"line":117,"column":0},"end":{"line":117,"column":11}},"119":{"start":{"line":120,"column":0},"end":{"line":120,"column":28}},"120":{"start":{"line":121,"column":0},"end":{"line":121,"column":65}},"121":{"start":{"line":122,"column":0},"end":{"line":122,"column":28}},"122":{"start":{"line":123,"column":0},"end":{"line":123,"column":12}},"126":{"start":{"line":127,"column":0},"end":{"line":127,"column":95}},"128":{"start":{"line":129,"column":0},"end":{"line":129,"column":30}},"129":{"start":{"line":130,"column":0},"end":{"line":130,"column":83}},"130":{"start":{"line":131,"column":0},"end":{"line":131,"column":16}},"131":{"start":{"line":132,"column":0},"end":{"line":132,"column":33}},"132":{"start":{"line":133,"column":0},"end":{"line":133,"column":25}},"133":{"start":{"line":134,"column":0},"end":{"line":134,"column":35}},"134":{"start":{"line":135,"column":0},"end":{"line":135,"column":33}},"136":{"start":{"line":137,"column":0},"end":{"line":137,"column":19}},"137":{"start":{"line":138,"column":0},"end":{"line":138,"column":37}},"138":{"start":{"line":139,"column":0},"end":{"line":139,"column":38}},"139":{"start":{"line":140,"column":0},"end":{"line":140,"column":31}},"140":{"start":{"line":141,"column":0},"end":{"line":141,"column":42}},"141":{"start":{"line":142,"column":0},"end":{"line":142,"column":16}},"142":{"start":{"line":143,"column":0},"end":{"line":143,"column":18}},"143":{"start":{"line":144,"column":0},"end":{"line":144,"column":16}},"147":{"start":{"line":148,"column":0},"end":{"line":148,"column":86}},"148":{"start":{"line":149,"column":0},"end":{"line":149,"column":14}},"149":{"start":{"line":150,"column":0},"end":{"line":150,"column":45}},"150":{"start":{"line":151,"column":0},"end":{"line":151,"column":31}},"151":{"start":{"line":152,"column":0},"end":{"line":152,"column":31}},"153":{"start":{"line":154,"column":0},"end":{"line":154,"column":270}},"154":{"start":{"line":155,"column":0},"end":{"line":155,"column":16}},"155":{"start":{"line":156,"column":0},"end":{"line":156,"column":14}},"156":{"start":{"line":157,"column":0},"end":{"line":157,"column":12}},"157":{"start":{"line":158,"column":0},"end":{"line":158,"column":10}},"159":{"start":{"line":160,"column":0},"end":{"line":160,"column":2}},"163":{"start":{"line":164,"column":0},"end":{"line":164,"column":53}},"164":{"start":{"line":165,"column":0},"end":{"line":165,"column":10}},"165":{"start":{"line":166,"column":0},"end":{"line":166,"column":46}},"166":{"start":{"line":167,"column":0},"end":{"line":167,"column":52}},"167":{"start":{"line":168,"column":0},"end":{"line":168,"column":64}},"168":{"start":{"line":169,"column":0},"end":{"line":169,"column":56}},"169":{"start":{"line":170,"column":0},"end":{"line":170,"column":44}},"170":{"start":{"line":171,"column":0},"end":{"line":171,"column":52}},"172":{"start":{"line":173,"column":0},"end":{"line":173,"column":79}},"174":{"start":{"line":175,"column":0},"end":{"line":175,"column":3}}},"s":{"0":1,"16":1,"17":4030,"18":4030,"19":4030,"20":4030,"21":4030,"22":4030,"23":4030,"25":4030,"26":4030,"27":1,"28":1,"29":4030,"30":4030,"32":4030,"33":1,"34":4030,"36":4030,"37":4030,"38":1,"39":1,"40":1,"41":1,"42":1,"43":4030,"44":4030,"50":4030,"52":5277,"53":5277,"54":42193,"55":42193,"59":5277,"60":5277,"61":5277,"62":5277,"63":5277,"64":5277,"65":5277,"67":5277,"68":5277,"74":4030,"75":4030,"76":4030,"77":4030,"78":4030,"79":4030,"80":4030,"81":4030,"82":4030,"83":4030,"84":4030,"91":4030,"95":4030,"96":2874,"97":2874,"98":5277,"99":5277,"100":5277,"102":5277,"103":5277,"104":2874,"105":2874,"106":1,"107":1,"108":1,"110":2874,"114":4030,"115":4030,"116":4030,"119":4030,"120":2826,"121":2826,"122":2826,"126":4030,"128":4030,"129":2826,"130":2826,"131":2826,"132":2826,"133":2826,"134":2826,"136":2826,"137":2826,"138":2826,"139":2826,"140":2826,"141":2826,"142":2826,"143":2826,"147":4030,"148":4030,"149":4030,"150":4030,"151":4030,"153":4030,"154":4030,"155":4030,"156":4030,"157":4030,"159":4030,"163":1,"164":7028,"165":7028,"166":7028,"167":7028,"168":7028,"169":7028,"170":7028,"172":7028,"174":7028},"branchMap":{"0":{"type":"branch","line":17,"loc":{"start":{"line":17,"column":13},"end":{"line":160,"column":2}},"locations":[{"start":{"line":17,"column":13},"end":{"line":160,"column":2}}]},"1":{"type":"branch","line":92,"loc":{"start":{"line":92,"column":10},"end":{"line":92,"column":67}},"locations":[{"start":{"line":92,"column":10},"end":{"line":92,"column":67}}]},"2":{"type":"branch","line":92,"loc":{"start":{"line":92,"column":23},"end":{"line":92,"column":69}},"locations":[{"start":{"line":92,"column":23},"end":{"line":92,"column":69}}]},"3":{"type":"branch","line":96,"loc":{"start":{"line":96,"column":39},"end":{"line":111,"column":14}},"locations":[{"start":{"line":96,"column":39},"end":{"line":111,"column":14}}]},"4":{"type":"branch","line":106,"loc":{"start":{"line":106,"column":30},"end":{"line":109,"column":19}},"locations":[{"start":{"line":106,"column":30},"end":{"line":109,"column":19}}]},"5":{"type":"branch","line":120,"loc":{"start":{"line":120,"column":12},"end":{"line":123,"column":12}},"locations":[{"start":{"line":120,"column":12},"end":{"line":123,"column":12}}]},"6":{"type":"branch","line":129,"loc":{"start":{"line":129,"column":14},"end":{"line":144,"column":16}},"locations":[{"start":{"line":129,"column":14},"end":{"line":144,"column":16}}]},"7":{"type":"branch","line":27,"loc":{"start":{"line":27,"column":4},"end":{"line":29,"column":6}},"locations":[{"start":{"line":27,"column":4},"end":{"line":29,"column":6}}]},"8":{"type":"branch","line":33,"loc":{"start":{"line":33,"column":34},"end":{"line":35,"column":5}},"locations":[{"start":{"line":33,"column":34},"end":{"line":35,"column":5}}]},"9":{"type":"branch","line":38,"loc":{"start":{"line":38,"column":4},"end":{"line":43,"column":6}},"locations":[{"start":{"line":38,"column":4},"end":{"line":43,"column":6}}]},"10":{"type":"branch","line":39,"loc":{"start":{"line":39,"column":20},"end":{"line":39,"column":46}},"locations":[{"start":{"line":39,"column":20},"end":{"line":39,"column":46}}]},"11":{"type":"branch","line":51,"loc":{"start":{"line":51,"column":22},"end":{"line":69,"column":4}},"locations":[{"start":{"line":51,"column":22},"end":{"line":69,"column":4}}]},"12":{"type":"branch","line":54,"loc":{"start":{"line":54,"column":41},"end":{"line":56,"column":5}},"locations":[{"start":{"line":54,"column":41},"end":{"line":56,"column":5}}]},"13":{"type":"branch","line":98,"loc":{"start":{"line":98,"column":37},"end":{"line":104,"column":19}},"locations":[{"start":{"line":98,"column":37},"end":{"line":104,"column":19}}]},"14":{"type":"branch","line":164,"loc":{"start":{"line":164,"column":26},"end":{"line":175,"column":3}},"locations":[{"start":{"line":164,"column":26},"end":{"line":175,"column":3}}]}},"b":{"0":[4030],"1":[1],"2":[4029],"3":[2874],"4":[1],"5":[2826],"6":[2826],"7":[1],"8":[1],"9":[1],"10":[0],"11":[5277],"12":[42193],"13":[5277],"14":[7028]},"fnMap":{"0":{"name":"Card","decl":{"start":{"line":17,"column":13},"end":{"line":160,"column":2}},"loc":{"start":{"line":17,"column":13},"end":{"line":160,"column":2}},"line":17},"1":{"name":"getTagColor","decl":{"start":{"line":51,"column":22},"end":{"line":69,"column":4}},"loc":{"start":{"line":51,"column":22},"end":{"line":69,"column":4}},"line":51}},"f":{"0":4030,"1":5277}}
,"/mnt/d/UI3/Trello/client/src/components/CardDetailModal.jsx": {"path":"/mnt/d/UI3/Trello/client/src/components/CardDetailModal.jsx","all":true,"statementMap":{"0":{"start":{"line":1,"column":0},"end":{"line":1,"column":71}},"1":{"start":{"line":2,"column":0},"end":{"line":2,"column":55}},"2":{"start":{"line":3,"column":0},"end":{"line":3,"column":95}},"4":{"start":{"line":5,"column":0},"end":{"line":5,"column":48}},"5":{"start":{"line":6,"column":0},"end":{"line":6,"column":53}},"6":{"start":{"line":7,"column":0},"end":{"line":7,"column":49}},"7":{"start":{"line":8,"column":0},"end":{"line":8,"column":73}},"8":{"start":{"line":9,"column":0},"end":{"line":9,"column":47}},"9":{"start":{"line":10,"column":0},"end":{"line":10,"column":52}},"10":{"start":{"line":11,"column":0},"end":{"line":11,"column":43}},"11":{"start":{"line":12,"column":0},"end":{"line":12,"column":54}},"13":{"start":{"line":14,"column":0},"end":{"line":14,"column":32}},"14":{"start":{"line":15,"column":0},"end":{"line":15,"column":37}},"15":{"start":{"line":16,"column":0},"end":{"line":16,"column":44}},"17":{"start":{"line":18,"column":0},"end":{"line":18,"column":19}},"18":{"start":{"line":19,"column":0},"end":{"line":19,"column":25}},"19":{"start":{"line":20,"column":0},"end":{"line":20,"column":43}},"20":{"start":{"line":21,"column":0},"end":{"line":21,"column":29}},"21":{"start":{"line":22,"column":0},"end":{"line":22,"column":18}},"22":{"start":{"line":23,"column":0},"end":{"line":23,"column":13}},"24":{"start":{"line":25,"column":0},"end":{"line":25,"column":19}},"25":{"start":{"line":26,"column":0},"end":{"line":26,"column":58}},"26":{"start":{"line":27,"column":0},"end":{"line":27,"column":35}},"27":{"start":{"line":28,"column":0},"end":{"line":28,"column":44}},"29":{"start":{"line":30,"column":0},"end":{"line":30,"column":18}},"30":{"start":{"line":31,"column":0},"end":{"line":31,"column":40}},"31":{"start":{"line":32,"column":0},"end":{"line":32,"column":48}},"32":{"start":{"line":33,"column":0},"end":{"line":33,"column":45}},"33":{"start":{"line":34,"column":0},"end":{"line":34,"column":7}},"34":{"start":{"line":35,"column":0},"end":{"line":35,"column":6}},"35":{"start":{"line":36,"column":0},"end":{"line":36,"column":9}},"37":{"start":{"line":38,"column":0},"end":{"line":38,"column":19}},"38":{"start":{"line":39,"column":0},"end":{"line":39,"column":34}},"39":{"start":{"line":40,"column":0},"end":{"line":40,"column":31}},"40":{"start":{"line":41,"column":0},"end":{"line":41,"column":27}},"41":{"start":{"line":42,"column":0},"end":{"line":42,"column":18}},"42":{"start":{"line":43,"column":0},"end":{"line":43,"column":7}},"44":{"start":{"line":45,"column":0},"end":{"line":45,"column":28}},"45":{"start":{"line":46,"column":0},"end":{"line":46,"column":69}},"46":{"start":{"line":47,"column":0},"end":{"line":47,"column":84}},"47":{"start":{"line":48,"column":0},"end":{"line":48,"column":10}},"48":{"start":{"line":49,"column":0},"end":{"line":49,"column":47}},"50":{"start":{"line":51,"column":0},"end":{"line":51,"column":50}},"51":{"start":{"line":52,"column":0},"end":{"line":52,"column":76}},"53":{"start":{"line":54,"column":0},"end":{"line":54,"column":68}},"54":{"start":{"line":55,"column":0},"end":{"line":55,"column":29}},"55":{"start":{"line":56,"column":0},"end":{"line":56,"column":30}},"56":{"start":{"line":57,"column":0},"end":{"line":57,"column":75}},"57":{"start":{"line":58,"column":0},"end":{"line":58,"column":29}},"58":{"start":{"line":59,"column":0},"end":{"line":59,"column":31}},"59":{"start":{"line":60,"column":0},"end":{"line":60,"column":9}},"60":{"start":{"line":61,"column":0},"end":{"line":61,"column":7}},"61":{"start":{"line":62,"column":0},"end":{"line":62,"column":6}},"63":{"start":{"line":64,"column":0},"end":{"line":64,"column":56}},"64":{"start":{"line":65,"column":0},"end":{"line":65,"column":72}},"65":{"start":{"line":66,"column":0},"end":{"line":66,"column":16}},"67":{"start":{"line":68,"column":0},"end":{"line":68,"column":40}},"68":{"start":{"line":69,"column":0},"end":{"line":69,"column":53}},"69":{"start":{"line":70,"column":0},"end":{"line":70,"column":64}},"70":{"start":{"line":71,"column":0},"end":{"line":71,"column":46}},"72":{"start":{"line":73,"column":0},"end":{"line":73,"column":25}},"73":{"start":{"line":74,"column":0},"end":{"line":74,"column":35}},"74":{"start":{"line":75,"column":0},"end":{"line":75,"column":50}},"75":{"start":{"line":76,"column":0},"end":{"line":76,"column":5}},"76":{"start":{"line":77,"column":0},"end":{"line":77,"column":34}},"77":{"start":{"line":78,"column":0},"end":{"line":78,"column":55}},"78":{"start":{"line":79,"column":0},"end":{"line":79,"column":5}},"79":{"start":{"line":80,"column":0},"end":{"line":80,"column":34}},"80":{"start":{"line":81,"column":0},"end":{"line":81,"column":48}},"81":{"start":{"line":82,"column":0},"end":{"line":82,"column":5}},"83":{"start":{"line":84,"column":0},"end":{"line":84,"column":44}},"84":{"start":{"line":85,"column":0},"end":{"line":85,"column":27}},"85":{"start":{"line":86,"column":0},"end":{"line":86,"column":13}},"86":{"start":{"line":87,"column":0},"end":{"line":87,"column":5}},"88":{"start":{"line":89,"column":0},"end":{"line":89,"column":25}},"89":{"start":{"line":90,"column":0},"end":{"line":90,"column":39}},"90":{"start":{"line":91,"column":0},"end":{"line":91,"column":44}},"91":{"start":{"line":92,"column":0},"end":{"line":92,"column":37}},"92":{"start":{"line":93,"column":0},"end":{"line":93,"column":7}},"93":{"start":{"line":94,"column":0},"end":{"line":94,"column":14}},"94":{"start":{"line":95,"column":0},"end":{"line":95,"column":63}},"96":{"start":{"line":97,"column":0},"end":{"line":97,"column":42}},"97":{"start":{"line":98,"column":0},"end":{"line":98,"column":21}},"98":{"start":{"line":99,"column":0},"end":{"line":99,"column":26}},"99":{"start":{"line":100,"column":0},"end":{"line":100,"column":16}},"100":{"start":{"line":101,"column":0},"end":{"line":101,"column":12}},"101":{"start":{"line":102,"column":0},"end":{"line":102,"column":26}},"102":{"start":{"line":103,"column":0},"end":{"line":103,"column":5}},"103":{"start":{"line":104,"column":0},"end":{"line":104,"column":49}},"105":{"start":{"line":106,"column":0},"end":{"line":106,"column":42}},"106":{"start":{"line":107,"column":0},"end":{"line":107,"column":50}},"107":{"start":{"line":108,"column":0},"end":{"line":108,"column":65}},"108":{"start":{"line":109,"column":0},"end":{"line":109,"column":34}},"109":{"start":{"line":110,"column":0},"end":{"line":110,"column":22}},"110":{"start":{"line":111,"column":0},"end":{"line":111,"column":5}},"111":{"start":{"line":112,"column":0},"end":{"line":112,"column":23}},"113":{"start":{"line":114,"column":0},"end":{"line":114,"column":56}},"114":{"start":{"line":115,"column":0},"end":{"line":115,"column":51}},"115":{"start":{"line":116,"column":0},"end":{"line":116,"column":13}},"117":{"start":{"line":118,"column":0},"end":{"line":118,"column":39}},"118":{"start":{"line":119,"column":0},"end":{"line":119,"column":12}},"119":{"start":{"line":120,"column":0},"end":{"line":120,"column":30}},"120":{"start":{"line":121,"column":0},"end":{"line":121,"column":27}},"121":{"start":{"line":122,"column":0},"end":{"line":122,"column":23}},"122":{"start":{"line":123,"column":0},"end":{"line":123,"column":7}},"123":{"start":{"line":124,"column":0},"end":{"line":124,"column":6}},"124":{"start":{"line":125,"column":0},"end":{"line":125,"column":18}},"125":{"start":{"line":126,"column":0},"end":{"line":126,"column":4}},"127":{"start":{"line":128,"column":0},"end":{"line":128,"column":42}},"128":{"start":{"line":129,"column":0},"end":{"line":129,"column":12}},"129":{"start":{"line":130,"column":0},"end":{"line":130,"column":41}},"130":{"start":{"line":131,"column":0},"end":{"line":131,"column":18}},"131":{"start":{"line":132,"column":0},"end":{"line":132,"column":7}},"132":{"start":{"line":133,"column":0},"end":{"line":133,"column":6}},"133":{"start":{"line":134,"column":0},"end":{"line":134,"column":13}},"134":{"start":{"line":135,"column":0},"end":{"line":135,"column":4}},"136":{"start":{"line":137,"column":0},"end":{"line":137,"column":32}},"139":{"start":{"line":140,"column":0},"end":{"line":140,"column":20}},"140":{"start":{"line":141,"column":0},"end":{"line":141,"column":53}},"141":{"start":{"line":142,"column":0},"end":{"line":142,"column":59}},"142":{"start":{"line":143,"column":0},"end":{"line":143,"column":53}},"143":{"start":{"line":144,"column":0},"end":{"line":144,"column":47}},"144":{"start":{"line":145,"column":0},"end":{"line":145,"column":53}},"145":{"start":{"line":146,"column":0},"end":{"line":146,"column":6}},"147":{"start":{"line":148,"column":0},"end":{"line":148,"column":17}},"148":{"start":{"line":149,"column":0},"end":{"line":149,"column":42}},"149":{"start":{"line":150,"column":0},"end":{"line":150,"column":54}},"150":{"start":{"line":151,"column":0},"end":{"line":151,"column":5}},"151":{"start":{"line":152,"column":0},"end":{"line":152,"column":50}},"152":{"start":{"line":153,"column":0},"end":{"line":153,"column":4}},"154":{"start":{"line":155,"column":0},"end":{"line":155,"column":10}},"155":{"start":{"line":156,"column":0},"end":{"line":156,"column":8}},"156":{"start":{"line":157,"column":0},"end":{"line":157,"column":102}},"157":{"start":{"line":158,"column":0},"end":{"line":158,"column":35}},"158":{"start":{"line":159,"column":0},"end":{"line":159,"column":25}},"160":{"start":{"line":161,"column":0},"end":{"line":161,"column":10}},"161":{"start":{"line":162,"column":0},"end":{"line":162,"column":22}},"162":{"start":{"line":163,"column":0},"end":{"line":163,"column":126}},"163":{"start":{"line":164,"column":0},"end":{"line":164,"column":21}},"164":{"start":{"line":165,"column":0},"end":{"line":165,"column":25}},"165":{"start":{"line":166,"column":0},"end":{"line":166,"column":37}},"167":{"start":{"line":168,"column":0},"end":{"line":168,"column":90}},"168":{"start":{"line":169,"column":0},"end":{"line":169,"column":34}},"169":{"start":{"line":170,"column":0},"end":{"line":170,"column":60}},"171":{"start":{"line":172,"column":0},"end":{"line":172,"column":20}},"172":{"start":{"line":173,"column":0},"end":{"line":173,"column":18}},"173":{"start":{"line":174,"column":0},"end":{"line":174,"column":33}},"174":{"start":{"line":175,"column":0},"end":{"line":175,"column":29}},"175":{"start":{"line":176,"column":0},"end":{"line":176,"column":25}},"176":{"start":{"line":177,"column":0},"end":{"line":177,"column":27}},"177":{"start":{"line":178,"column":0},"end":{"line":178,"column":32}},"178":{"start":{"line":179,"column":0},"end":{"line":179,"column":41}},"179":{"start":{"line":180,"column":0},"end":{"line":180,"column":69}},"180":{"start":{"line":181,"column":0},"end":{"line":181,"column":16}},"181":{"start":{"line":182,"column":0},"end":{"line":182,"column":148}},"182":{"start":{"line":183,"column":0},"end":{"line":183,"column":34}},"183":{"start":{"line":184,"column":0},"end":{"line":184,"column":59}},"184":{"start":{"line":185,"column":0},"end":{"line":185,"column":19}},"185":{"start":{"line":186,"column":0},"end":{"line":186,"column":38}},"186":{"start":{"line":187,"column":0},"end":{"line":187,"column":29}},"187":{"start":{"line":188,"column":0},"end":{"line":188,"column":43}},"188":{"start":{"line":189,"column":0},"end":{"line":189,"column":73}},"189":{"start":{"line":190,"column":0},"end":{"line":190,"column":14}},"190":{"start":{"line":191,"column":0},"end":{"line":191,"column":30}},"191":{"start":{"line":192,"column":0},"end":{"line":192,"column":72}},"192":{"start":{"line":193,"column":0},"end":{"line":193,"column":30}},"193":{"start":{"line":194,"column":0},"end":{"line":194,"column":18}},"195":{"start":{"line":196,"column":0},"end":{"line":196,"column":16}},"196":{"start":{"line":197,"column":0},"end":{"line":197,"column":17}},"197":{"start":{"line":198,"column":0},"end":{"line":198,"column":25}},"198":{"start":{"line":199,"column":0},"end":{"line":199,"column":29}},"199":{"start":{"line":200,"column":0},"end":{"line":200,"column":110}},"200":{"start":{"line":201,"column":0},"end":{"line":201,"column":36}},"202":{"start":{"line":203,"column":0},"end":{"line":203,"column":91}},"203":{"start":{"line":204,"column":0},"end":{"line":204,"column":108}},"204":{"start":{"line":205,"column":0},"end":{"line":205,"column":18}},"205":{"start":{"line":206,"column":0},"end":{"line":206,"column":19}},"206":{"start":{"line":207,"column":0},"end":{"line":207,"column":14}},"208":{"start":{"line":209,"column":0},"end":{"line":209,"column":39}},"209":{"start":{"line":210,"column":0},"end":{"line":210,"column":15}},"210":{"start":{"line":211,"column":0},"end":{"line":211,"column":103}},"212":{"start":{"line":213,"column":0},"end":{"line":213,"column":20}},"213":{"start":{"line":214,"column":0},"end":{"line":214,"column":21}},"214":{"start":{"line":215,"column":0},"end":{"line":215,"column":35}},"215":{"start":{"line":216,"column":0},"end":{"line":216,"column":33}},"216":{"start":{"line":217,"column":0},"end":{"line":217,"column":32}},"217":{"start":{"line":218,"column":0},"end":{"line":218,"column":47}},"218":{"start":{"line":219,"column":0},"end":{"line":219,"column":75}},"219":{"start":{"line":220,"column":0},"end":{"line":220,"column":16}},"220":{"start":{"line":221,"column":0},"end":{"line":221,"column":198}},"221":{"start":{"line":222,"column":0},"end":{"line":222,"column":74}},"222":{"start":{"line":223,"column":0},"end":{"line":223,"column":75}},"223":{"start":{"line":224,"column":0},"end":{"line":224,"column":19}},"224":{"start":{"line":225,"column":0},"end":{"line":225,"column":48}},"225":{"start":{"line":226,"column":0},"end":{"line":226,"column":30}},"226":{"start":{"line":227,"column":0},"end":{"line":227,"column":49}},"227":{"start":{"line":228,"column":0},"end":{"line":228,"column":85}},"228":{"start":{"line":229,"column":0},"end":{"line":229,"column":14}},"229":{"start":{"line":230,"column":0},"end":{"line":230,"column":36}},"230":{"start":{"line":231,"column":0},"end":{"line":231,"column":78}},"231":{"start":{"line":232,"column":0},"end":{"line":232,"column":36}},"232":{"start":{"line":233,"column":0},"end":{"line":233,"column":18}},"234":{"start":{"line":235,"column":0},"end":{"line":235,"column":16}},"236":{"start":{"line":237,"column":0},"end":{"line":237,"column":15}},"237":{"start":{"line":238,"column":0},"end":{"line":238,"column":96}},"238":{"start":{"line":239,"column":0},"end":{"line":239,"column":37}},"239":{"start":{"line":240,"column":0},"end":{"line":240,"column":20}},"240":{"start":{"line":241,"column":0},"end":{"line":241,"column":55}},"241":{"start":{"line":242,"column":0},"end":{"line":242,"column":34}},"242":{"start":{"line":243,"column":0},"end":{"line":243,"column":21}},"243":{"start":{"line":244,"column":0},"end":{"line":244,"column":27}},"244":{"start":{"line":245,"column":0},"end":{"line":245,"column":122}},"246":{"start":{"line":247,"column":0},"end":{"line":247,"column":23}},"247":{"start":{"line":248,"column":0},"end":{"line":248,"column":25}},"248":{"start":{"line":249,"column":0},"end":{"line":249,"column":33}},"249":{"start":{"line":250,"column":0},"end":{"line":250,"column":56}},"250":{"start":{"line":251,"column":0},"end":{"line":251,"column":66}},"251":{"start":{"line":252,"column":0},"end":{"line":252,"column":52}},"253":{"start":{"line":254,"column":0},"end":{"line":254,"column":103}},"254":{"start":{"line":255,"column":0},"end":{"line":255,"column":116}},"255":{"start":{"line":256,"column":0},"end":{"line":256,"column":26}},"256":{"start":{"line":257,"column":0},"end":{"line":257,"column":27}},"257":{"start":{"line":258,"column":0},"end":{"line":258,"column":23}},"258":{"start":{"line":259,"column":0},"end":{"line":259,"column":17}},"259":{"start":{"line":260,"column":0},"end":{"line":260,"column":18}},"260":{"start":{"line":261,"column":0},"end":{"line":261,"column":40}},"261":{"start":{"line":262,"column":0},"end":{"line":262,"column":20}},"262":{"start":{"line":263,"column":0},"end":{"line":263,"column":30}},"263":{"start":{"line":264,"column":0},"end":{"line":264,"column":27}},"264":{"start":{"line":265,"column":0},"end":{"line":265,"column":32}},"265":{"start":{"line":266,"column":0},"end":{"line":266,"column":61}},"266":{"start":{"line":267,"column":0},"end":{"line":267,"column":44}},"267":{"start":{"line":268,"column":0},"end":{"line":268,"column":208}},"268":{"start":{"line":269,"column":0},"end":{"line":269,"column":42}},"269":{"start":{"line":270,"column":0},"end":{"line":270,"column":30}},"270":{"start":{"line":271,"column":0},"end":{"line":271,"column":44}},"271":{"start":{"line":272,"column":0},"end":{"line":272,"column":16}},"272":{"start":{"line":273,"column":0},"end":{"line":273,"column":21}},"273":{"start":{"line":274,"column":0},"end":{"line":274,"column":29}},"274":{"start":{"line":275,"column":0},"end":{"line":275,"column":38}},"275":{"start":{"line":276,"column":0},"end":{"line":276,"column":64}},"276":{"start":{"line":277,"column":0},"end":{"line":277,"column":175}},"277":{"start":{"line":278,"column":0},"end":{"line":278,"column":15}},"279":{"start":{"line":280,"column":0},"end":{"line":280,"column":23}},"280":{"start":{"line":281,"column":0},"end":{"line":281,"column":18}},"281":{"start":{"line":282,"column":0},"end":{"line":282,"column":29}},"282":{"start":{"line":283,"column":0},"end":{"line":283,"column":72}},"284":{"start":{"line":285,"column":0},"end":{"line":285,"column":16}},"286":{"start":{"line":287,"column":0},"end":{"line":287,"column":60}},"287":{"start":{"line":288,"column":0},"end":{"line":288,"column":49}},"288":{"start":{"line":289,"column":0},"end":{"line":289,"column":66}},"289":{"start":{"line":290,"column":0},"end":{"line":290,"column":81}},"290":{"start":{"line":291,"column":0},"end":{"line":291,"column":39}},"291":{"start":{"line":292,"column":0},"end":{"line":292,"column":76}},"292":{"start":{"line":293,"column":0},"end":{"line":293,"column":23}},"294":{"start":{"line":295,"column":0},"end":{"line":295,"column":16}},"295":{"start":{"line":296,"column":0},"end":{"line":296,"column":16}},"296":{"start":{"line":297,"column":0},"end":{"line":297,"column":14}},"298":{"start":{"line":299,"column":0},"end":{"line":299,"column":91}},"299":{"start":{"line":300,"column":0},"end":{"line":300,"column":17}},"300":{"start":{"line":301,"column":0},"end":{"line":301,"column":25}},"301":{"start":{"line":302,"column":0},"end":{"line":302,"column":34}},"302":{"start":{"line":303,"column":0},"end":{"line":303,"column":95}},"303":{"start":{"line":304,"column":0},"end":{"line":304,"column":62}},"304":{"start":{"line":305,"column":0},"end":{"line":305,"column":67}},"305":{"start":{"line":306,"column":0},"end":{"line":306,"column":17}},"307":{"start":{"line":308,"column":0},"end":{"line":308,"column":68}},"308":{"start":{"line":309,"column":0},"end":{"line":309,"column":19}},"309":{"start":{"line":310,"column":0},"end":{"line":310,"column":38}},"310":{"start":{"line":311,"column":0},"end":{"line":311,"column":19}},"311":{"start":{"line":312,"column":0},"end":{"line":312,"column":27}},"312":{"start":{"line":313,"column":0},"end":{"line":313,"column":31}},"313":{"start":{"line":314,"column":0},"end":{"line":314,"column":145}},"314":{"start":{"line":315,"column":0},"end":{"line":315,"column":13}},"316":{"start":{"line":317,"column":0},"end":{"line":317,"column":21}},"317":{"start":{"line":318,"column":0},"end":{"line":318,"column":19}},"318":{"start":{"line":319,"column":0},"end":{"line":319,"column":27}},"319":{"start":{"line":320,"column":0},"end":{"line":320,"column":34}},"320":{"start":{"line":321,"column":0},"end":{"line":321,"column":129}},"321":{"start":{"line":322,"column":0},"end":{"line":322,"column":13}},"323":{"start":{"line":324,"column":0},"end":{"line":324,"column":21}},"324":{"start":{"line":325,"column":0},"end":{"line":325,"column":16}},"325":{"start":{"line":326,"column":0},"end":{"line":326,"column":14}},"326":{"start":{"line":327,"column":0},"end":{"line":327,"column":12}},"327":{"start":{"line":328,"column":0},"end":{"line":328,"column":10}},"329":{"start":{"line":330,"column":0},"end":{"line":330,"column":2}},"331":{"start":{"line":332,"column":0},"end":{"line":332,"column":37}}},"s":{"0":0,"1":0,"2":0,"4":0,"5":0,"6":0,"7":0,"8":0,"9":0,"10":0,"11":0,"13":0,"14":0,"15":0,"17":0,"18":0,"19":0,"20":0,"21":0,"22":0,"24":0,"25":0,"26":0,"27":0,"29":0,"30":0,"31":0,"32":0,"33":0,"34":0,"35":0,"37":0,"38":0,"39":0,"40":0,"41":0,"42":0,"44":0,"45":0,"46":0,"47":0,"48":0,"50":0,"51":0,"53":0,"54":0,"55":0,"56":0,"57":0,"58":0,"59":0,"60":0,"61":0,"63":0,"64":0,"65":0,"67":0,"68":0,"69":0,"70":0,"72":0,"73":0,"74":0,"75":0,"76":0,"77":0,"78":0,"79":0,"80":0,"81":0,"83":0,"84":0,"85":0,"86":0,"88":0,"89":0,"90":0,"91":0,"92":0,"93":0,"94":0,"96":0,"97":0,"98":0,"99":0,"100":0,"101":0,"102":0,"103":0,"105":0,"106":0,"107":0,"108":0,"109":0,"110":0,"111":0,"113":0,"114":0,"115":0,"117":0,"118":0,"119":0,"120":0,"121":0,"122":0,"123":0,"124":0,"125":0,"127":0,"128":0,"129":0,"130":0,"131":0,"132":0,"133":0,"134":0,"136":0,"139":0,"140":0,"141":0,"142":0,"143":0,"144":0,"145":0,"147":0,"148":0,"149":0,"150":0,"151":0,"152":0,"154":0,"155":0,"156":0,"157":0,"158":0,"160":0,"161":0,"162":0,"163":0,"164":0,"165":0,"167":0,"168":0,"169":0,"171":0,"172":0,"173":0,"174":0,"175":0,"176":0,"177":0,"178":0,"179":0,"180":0,"181":0,"182":0,"183":0,"184":0,"185":0,"186":0,"187":0,"188":0,"189":0,"190":0,"191":0,"192":0,"193":0,"195":0,"196":0,"197":0,"198":0,"199":0,"200":0,"202":0,"203":0,"204":0,"205":0,"206":0,"208":0,"209":0,"210":0,"212":0,"213":0,"214":0,"215":0,"216":0,"217":0,"218":0,"219":0,"220":0,"221":0,"222":0,"223":0,"224":0,"225":0,"226":0,"227":0,"228":0,"229":0,"230":0,"231":0,"232":0,"234":0,"236":0,"237":0,"238":0,"239":0,"240":0,"241":0,"242":0,"243":0,"244":0,"246":0,"247":0,"248":0,"249":0,"250":0,"251":0,"253":0,"254":0,"255":0,"256":0,"257":0,"258":0,"259":0,"260":0,"261":0,"262":0,"263":0,"264":0,"265":0,"266":0,"267":0,"268":0,"269":0,"270":0,"271":0,"272":0,"273":0,"274":0,"275":0,"276":0,"277":0,"279":0,"280":0,"281":0,"282":0,"284":0,"286":0,"287":0,"288":0,"289":0,"290":0,"291":0,"292":0,"294":0,"295":0,"296":0,"298":0,"299":0,"300":0,"301":0,"302":0,"303":0,"304":0,"305":0,"307":0,"308":0,"309":0,"310":0,"311":0,"312":0,"313":0,"314":0,"316":0,"317":0,"318":0,"319":0,"320":0,"321":0,"323":0,"324":0,"325":0,"326":0,"327":0,"329":0,"331":0},"branchMap":{"0":{"type":"branch","line":1,"loc":{"start":{"line":1,"column":0},"end":{"line":332,"column":-5223}},"locations":[{"start":{"line":1,"column":0},"end":{"line":332,"column":-5223}}]}},"b":{"0":[0]},"fnMap":{"0":{"name":"(empty-report)","decl":{"start":{"line":1,"column":0},"end":{"line":332,"column":-5223}},"loc":{"start":{"line":1,"column":0},"end":{"line":332,"column":-5223}},"line":1}},"f":{"0":0}}
,"/mnt/d/UI3/Trello/client/src/components/ConfirmDialog.jsx": {"path":"/mnt/d/UI3/Trello/client/src/components/ConfirmDialog.jsx","all":false,"statementMap":{"0":{"start":{"line":1,"column":0},"end":{"line":1,"column":61}},"17":{"start":{"line":18,"column":0},"end":{"line":18,"column":24}},"18":{"start":{"line":19,"column":0},"end":{"line":19,"column":8}},"19":{"start":{"line":20,"column":0},"end":{"line":20,"column":10}},"20":{"start":{"line":21,"column":0},"end":{"line":21,"column":26}},"21":{"start":{"line":22,"column":0},"end":{"line":22,"column":24}},"22":{"start":{"line":23,"column":0},"end":{"line":23,"column":21}},"23":{"start":{"line":24,"column":0},"end":{"line":24,"column":12}},"24":{"start":{"line":25,"column":0},"end":{"line":25,"column":11}},"25":{"start":{"line":26,"column":0},"end":{"line":26,"column":7}},"26":{"start":{"line":27,"column":0},"end":{"line":27,"column":33}},"27":{"start":{"line":28,"column":0},"end":{"line":28,"column":40}},"28":{"start":{"line":29,"column":0},"end":{"line":29,"column":39}},"31":{"start":{"line":32,"column":0},"end":{"line":32,"column":39}},"34":{"start":{"line":35,"column":0},"end":{"line":35,"column":46}},"35":{"start":{"line":36,"column":0},"end":{"line":36,"column":22}},"36":{"start":{"line":37,"column":0},"end":{"line":37,"column":20}},"37":{"start":{"line":38,"column":0},"end":{"line":38,"column":16}},"38":{"start":{"line":39,"column":0},"end":{"line":39,"column":17}},"39":{"start":{"line":40,"column":0},"end":{"line":40,"column":16}},"40":{"start":{"line":41,"column":0},"end":{"line":41,"column":46}},"41":{"start":{"line":42,"column":0},"end":{"line":42,"column":25}},"42":{"start":{"line":43,"column":0},"end":{"line":43,"column":35}},"43":{"start":{"line":44,"column":0},"end":{"line":44,"column":33}},"45":{"start":{"line":46,"column":0},"end":{"line":46,"column":19}},"46":{"start":{"line":47,"column":0},"end":{"line":47,"column":37}},"47":{"start":{"line":48,"column":0},"end":{"line":48,"column":38}},"48":{"start":{"line":49,"column":0},"end":{"line":49,"column":31}},"49":{"start":{"line":50,"column":0},"end":{"line":50,"column":152}},"50":{"start":{"line":51,"column":0},"end":{"line":51,"column":16}},"51":{"start":{"line":52,"column":0},"end":{"line":52,"column":18}},"53":{"start":{"line":54,"column":0},"end":{"line":54,"column":80}},"54":{"start":{"line":55,"column":0},"end":{"line":55,"column":34}},"55":{"start":{"line":56,"column":0},"end":{"line":56,"column":10}},"56":{"start":{"line":57,"column":0},"end":{"line":57,"column":21}},"57":{"start":{"line":58,"column":0},"end":{"line":58,"column":16}},"58":{"start":{"line":59,"column":0},"end":{"line":59,"column":17}},"59":{"start":{"line":60,"column":0},"end":{"line":60,"column":16}},"60":{"start":{"line":61,"column":0},"end":{"line":61,"column":48}},"61":{"start":{"line":62,"column":0},"end":{"line":62,"column":25}},"62":{"start":{"line":63,"column":0},"end":{"line":63,"column":35}},"63":{"start":{"line":64,"column":0},"end":{"line":64,"column":33}},"65":{"start":{"line":66,"column":0},"end":{"line":66,"column":19}},"66":{"start":{"line":67,"column":0},"end":{"line":67,"column":37}},"67":{"start":{"line":68,"column":0},"end":{"line":68,"column":38}},"68":{"start":{"line":69,"column":0},"end":{"line":69,"column":31}},"69":{"start":{"line":70,"column":0},"end":{"line":70,"column":69}},"70":{"start":{"line":71,"column":0},"end":{"line":71,"column":16}},"71":{"start":{"line":72,"column":0},"end":{"line":72,"column":18}},"73":{"start":{"line":74,"column":0},"end":{"line":74,"column":80}},"74":{"start":{"line":75,"column":0},"end":{"line":75,"column":36}},"75":{"start":{"line":76,"column":0},"end":{"line":76,"column":10}},"76":{"start":{"line":77,"column":0},"end":{"line":77,"column":18}},"77":{"start":{"line":78,"column":0},"end":{"line":78,"column":14}},"78":{"start":{"line":79,"column":0},"end":{"line":79,"column":16}},"79":{"start":{"line":80,"column":0},"end":{"line":80,"column":17}},"80":{"start":{"line":81,"column":0},"end":{"line":81,"column":16}},"81":{"start":{"line":82,"column":0},"end":{"line":82,"column":52}},"82":{"start":{"line":83,"column":0},"end":{"line":83,"column":25}},"83":{"start":{"line":84,"column":0},"end":{"line":84,"column":35}},"84":{"start":{"line":85,"column":0},"end":{"line":85,"column":33}},"86":{"start":{"line":87,"column":0},"end":{"line":87,"column":19}},"87":{"start":{"line":88,"column":0},"end":{"line":88,"column":37}},"88":{"start":{"line":89,"column":0},"end":{"line":89,"column":38}},"89":{"start":{"line":90,"column":0},"end":{"line":90,"column":31}},"90":{"start":{"line":91,"column":0},"end":{"line":91,"column":77}},"91":{"start":{"line":92,"column":0},"end":{"line":92,"column":16}},"92":{"start":{"line":93,"column":0},"end":{"line":93,"column":18}},"94":{"start":{"line":95,"column":0},"end":{"line":95,"column":80}},"95":{"start":{"line":96,"column":0},"end":{"line":96,"column":34}},"96":{"start":{"line":97,"column":0},"end":{"line":97,"column":10}},"97":{"start":{"line":98,"column":0},"end":{"line":98,"column":5}},"98":{"start":{"line":99,"column":0},"end":{"line":99,"column":16}},"100":{"start":{"line":101,"column":0},"end":{"line":101,"column":36}},"103":{"start":{"line":104,"column":0},"end":{"line":104,"column":19}},"104":{"start":{"line":105,"column":0},"end":{"line":105,"column":34}},"105":{"start":{"line":106,"column":0},"end":{"line":106,"column":31}},"106":{"start":{"line":107,"column":0},"end":{"line":107,"column":27}},"107":{"start":{"line":108,"column":0},"end":{"line":108,"column":19}},"108":{"start":{"line":109,"column":0},"end":{"line":109,"column":7}},"111":{"start":{"line":112,"column":0},"end":{"line":112,"column":28}},"112":{"start":{"line":113,"column":0},"end":{"line":113,"column":52}},"113":{"start":{"line":114,"column":0},"end":{"line":114,"column":43}},"115":{"start":{"line":116,"column":0},"end":{"line":116,"column":42}},"116":{"start":{"line":117,"column":0},"end":{"line":117,"column":60}},"118":{"start":{"line":119,"column":0},"end":{"line":119,"column":25}},"119":{"start":{"line":120,"column":0},"end":{"line":120,"column":56}},"120":{"start":{"line":121,"column":0},"end":{"line":121,"column":31}},"121":{"start":{"line":122,"column":0},"end":{"line":122,"column":32}},"122":{"start":{"line":123,"column":0},"end":{"line":123,"column":11}},"123":{"start":{"line":124,"column":0},"end":{"line":124,"column":16}},"124":{"start":{"line":125,"column":0},"end":{"line":125,"column":55}},"125":{"start":{"line":126,"column":0},"end":{"line":126,"column":31}},"126":{"start":{"line":127,"column":0},"end":{"line":127,"column":33}},"127":{"start":{"line":128,"column":0},"end":{"line":128,"column":11}},"128":{"start":{"line":129,"column":0},"end":{"line":129,"column":9}},"129":{"start":{"line":130,"column":0},"end":{"line":130,"column":7}},"130":{"start":{"line":131,"column":0},"end":{"line":131,"column":6}},"132":{"start":{"line":133,"column":0},"end":{"line":133,"column":56}},"133":{"start":{"line":134,"column":0},"end":{"line":134,"column":72}},"134":{"start":{"line":135,"column":0},"end":{"line":135,"column":17}},"137":{"start":{"line":138,"column":0},"end":{"line":138,"column":19}},"139":{"start":{"line":140,"column":0},"end":{"line":140,"column":53}},"142":{"start":{"line":143,"column":0},"end":{"line":143,"column":28}},"143":{"start":{"line":144,"column":0},"end":{"line":144,"column":69}},"144":{"start":{"line":145,"column":0},"end":{"line":145,"column":82}},"145":{"start":{"line":146,"column":0},"end":{"line":146,"column":8}},"146":{"start":{"line":147,"column":0},"end":{"line":147,"column":5}},"149":{"start":{"line":150,"column":0},"end":{"line":150,"column":37}},"152":{"start":{"line":153,"column":0},"end":{"line":153,"column":44}},"154":{"start":{"line":155,"column":0},"end":{"line":155,"column":18}},"155":{"start":{"line":156,"column":0},"end":{"line":156,"column":40}},"157":{"start":{"line":158,"column":0},"end":{"line":158,"column":79}},"158":{"start":{"line":159,"column":0},"end":{"line":159,"column":34}},"159":{"start":{"line":160,"column":0},"end":{"line":160,"column":7}},"160":{"start":{"line":161,"column":0},"end":{"line":161,"column":6}},"161":{"start":{"line":162,"column":0},"end":{"line":162,"column":9}},"164":{"start":{"line":165,"column":0},"end":{"line":165,"column":42}},"165":{"start":{"line":166,"column":0},"end":{"line":166,"column":12}},"166":{"start":{"line":167,"column":0},"end":{"line":167,"column":41}},"167":{"start":{"line":168,"column":0},"end":{"line":168,"column":19}},"168":{"start":{"line":169,"column":0},"end":{"line":169,"column":7}},"169":{"start":{"line":170,"column":0},"end":{"line":170,"column":6}},"170":{"start":{"line":171,"column":0},"end":{"line":171,"column":14}},"171":{"start":{"line":172,"column":0},"end":{"line":172,"column":4}},"173":{"start":{"line":174,"column":0},"end":{"line":174,"column":10}},"174":{"start":{"line":175,"column":0},"end":{"line":175,"column":8}},"175":{"start":{"line":176,"column":0},"end":{"line":176,"column":134}},"176":{"start":{"line":177,"column":0},"end":{"line":177,"column":35}},"177":{"start":{"line":178,"column":0},"end":{"line":178,"column":25}},"179":{"start":{"line":180,"column":0},"end":{"line":180,"column":10}},"180":{"start":{"line":181,"column":0},"end":{"line":181,"column":23}},"181":{"start":{"line":182,"column":0},"end":{"line":182,"column":131}},"182":{"start":{"line":183,"column":0},"end":{"line":183,"column":26}},"183":{"start":{"line":184,"column":0},"end":{"line":184,"column":25}},"184":{"start":{"line":185,"column":0},"end":{"line":185,"column":38}},"185":{"start":{"line":186,"column":0},"end":{"line":186,"column":45}},"188":{"start":{"line":189,"column":0},"end":{"line":189,"column":57}},"189":{"start":{"line":190,"column":0},"end":{"line":190,"column":63}},"190":{"start":{"line":191,"column":0},"end":{"line":191,"column":25}},"191":{"start":{"line":192,"column":0},"end":{"line":192,"column":16}},"192":{"start":{"line":193,"column":0},"end":{"line":193,"column":34}},"193":{"start":{"line":194,"column":0},"end":{"line":194,"column":15}},"194":{"start":{"line":195,"column":0},"end":{"line":195,"column":31}},"195":{"start":{"line":196,"column":0},"end":{"line":196,"column":58}},"197":{"start":{"line":198,"column":0},"end":{"line":198,"column":21}},"198":{"start":{"line":199,"column":0},"end":{"line":199,"column":17}},"199":{"start":{"line":200,"column":0},"end":{"line":200,"column":14}},"200":{"start":{"line":201,"column":0},"end":{"line":201,"column":37}},"201":{"start":{"line":202,"column":0},"end":{"line":202,"column":52}},"203":{"start":{"line":204,"column":0},"end":{"line":204,"column":23}},"204":{"start":{"line":205,"column":0},"end":{"line":205,"column":16}},"205":{"start":{"line":206,"column":0},"end":{"line":206,"column":16}},"206":{"start":{"line":207,"column":0},"end":{"line":207,"column":14}},"209":{"start":{"line":210,"column":0},"end":{"line":210,"column":85}},"210":{"start":{"line":211,"column":0},"end":{"line":211,"column":17}},"211":{"start":{"line":212,"column":0},"end":{"line":212,"column":33}},"212":{"start":{"line":213,"column":0},"end":{"line":213,"column":25}},"213":{"start":{"line":214,"column":0},"end":{"line":214,"column":30}},"214":{"start":{"line":215,"column":0},"end":{"line":215,"column":242}},"216":{"start":{"line":217,"column":0},"end":{"line":217,"column":24}},"217":{"start":{"line":218,"column":0},"end":{"line":218,"column":19}},"218":{"start":{"line":219,"column":0},"end":{"line":219,"column":17}},"219":{"start":{"line":220,"column":0},"end":{"line":220,"column":34}},"220":{"start":{"line":221,"column":0},"end":{"line":221,"column":25}},"221":{"start":{"line":222,"column":0},"end":{"line":222,"column":31}},"222":{"start":{"line":223,"column":0},"end":{"line":223,"column":198}},"224":{"start":{"line":225,"column":0},"end":{"line":225,"column":25}},"225":{"start":{"line":226,"column":0},"end":{"line":226,"column":19}},"226":{"start":{"line":227,"column":0},"end":{"line":227,"column":14}},"227":{"start":{"line":228,"column":0},"end":{"line":228,"column":12}},"228":{"start":{"line":229,"column":0},"end":{"line":229,"column":10}},"230":{"start":{"line":231,"column":0},"end":{"line":231,"column":2}},"232":{"start":{"line":233,"column":0},"end":{"line":233,"column":35}}},"s":{"0":1,"17":1,"18":0,"19":0,"20":0,"21":0,"22":0,"23":0,"24":0,"25":0,"26":0,"27":0,"28":0,"31":0,"34":0,"35":0,"36":0,"37":0,"38":0,"39":0,"40":0,"41":0,"42":0,"43":0,"45":0,"46":0,"47":0,"48":0,"49":0,"50":0,"51":0,"53":0,"54":0,"55":0,"56":0,"57":0,"58":0,"59":0,"60":0,"61":0,"62":0,"63":0,"65":0,"66":0,"67":0,"68":0,"69":0,"70":0,"71":0,"73":0,"74":0,"75":0,"76":0,"77":0,"78":0,"79":0,"80":0,"81":0,"82":0,"83":0,"84":0,"86":0,"87":0,"88":0,"89":0,"90":0,"91":0,"92":0,"94":0,"95":0,"96":0,"97":0,"98":0,"100":0,"103":0,"104":0,"105":0,"106":0,"107":0,"108":0,"111":0,"112":0,"113":0,"115":0,"116":0,"118":0,"119":0,"120":0,"121":0,"122":0,"123":0,"124":0,"125":0,"126":0,"127":0,"128":0,"129":0,"130":0,"132":0,"133":0,"134":0,"137":0,"139":0,"142":0,"143":0,"144":0,"145":0,"146":0,"149":0,"152":0,"154":0,"155":0,"157":0,"158":0,"159":0,"160":0,"161":0,"164":0,"165":0,"166":0,"167":0,"168":0,"169":0,"170":0,"171":0,"173":0,"174":0,"175":0,"176":0,"177":0,"179":0,"180":0,"181":0,"182":0,"183":0,"184":0,"185":0,"188":0,"189":0,"190":0,"191":0,"192":0,"193":0,"194":0,"195":0,"197":0,"198":0,"199":0,"200":0,"201":0,"203":0,"204":0,"205":0,"206":0,"209":0,"210":0,"211":0,"212":0,"213":0,"214":0,"216":0,"217":0,"218":0,"219":0,"220":0,"221":0,"222":0,"224":0,"225":0,"226":0,"227":0,"228":0,"230":0,"232":1},"branchMap":{},"b":{},"fnMap":{"0":{"name":"ConfirmDialog","decl":{"start":{"line":18,"column":22},"end":{"line":231,"column":2}},"loc":{"start":{"line":18,"column":22},"end":{"line":231,"column":2}},"line":18}},"f":{"0":0}}
[...]
"line":42,"column":3}},"42":{"start":{"line":43,"column":0},"end":{"line":43,"column":0}},"43":{"start":{"line":44,"column":0},"end":{"line":44,"column":29}},"44":{"start":{"line":45,"column":0},"end":{"line":45,"column":56}},"45":{"start":{"line":46,"column":0},"end":{"line":46,"column":3}},"46":{"start":{"line":47,"column":0},"end":{"line":47,"column":0}},"47":{"start":{"line":48,"column":0},"end":{"line":48,"column":10}},"48":{"start":{"line":49,"column":0},"end":{"line":49,"column":33}},"49":{"start":{"line":50,"column":0},"end":{"line":50,"column":11}},"50":{"start":{"line":51,"column":0},"end":{"line":51,"column":23}},"51":{"start":{"line":52,"column":0},"end":{"line":52,"column":4}},"52":{"start":{"line":53,"column":0},"end":{"line":53,"column":2}},"53":{"start":{"line":54,"column":0},"end":{"line":54,"column":0}},"54":{"start":{"line":55,"column":0},"end":{"line":55,"column":57}},"55":{"start":{"line":56,"column":0},"end":{"line":56,"column":21}},"56":{"start":{"line":57,"column":0},"end":{"line":57,"column":56}},"57":{"start":{"line":58,"column":0},"end":{"line":58,"column":3}},"58":{"start":{"line":59,"column":0},"end":{"line":59,"column":0}},"59":{"start":{"line":60,"column":0},"end":{"line":60,"column":20}},"60":{"start":{"line":61,"column":0},"end":{"line":61,"column":37}},"61":{"start":{"line":62,"column":0},"end":{"line":62,"column":0}},"62":{"start":{"line":63,"column":0},"end":{"line":63,"column":30}},"63":{"start":{"line":64,"column":0},"end":{"line":64,"column":63}},"64":{"start":{"line":65,"column":0},"end":{"line":65,"column":3}},"65":{"start":{"line":66,"column":0},"end":{"line":66,"column":0}},"66":{"start":{"line":67,"column":0},"end":{"line":67,"column":10}},"67":{"start":{"line":68,"column":0},"end":{"line":68,"column":33}},"68":{"start":{"line":69,"column":0},"end":{"line":69,"column":11}},"69":{"start":{"line":70,"column":0},"end":{"line":70,"column":23}},"70":{"start":{"line":71,"column":0},"end":{"line":71,"column":4}},"71":{"start":{"line":72,"column":0},"end":{"line":72,"column":2}},"72":{"start":{"line":73,"column":0},"end":{"line":73,"column":0}},"73":{"start":{"line":74,"column":0},"end":{"line":74,"column":37}},"74":{"start":{"line":75,"column":0},"end":{"line":75,"column":20}},"75":{"start":{"line":76,"column":0},"end":{"line":76,"column":0}},"76":{"start":{"line":77,"column":0},"end":{"line":77,"column":40}},"77":{"start":{"line":78,"column":0},"end":{"line":78,"column":35}},"78":{"start":{"line":79,"column":0},"end":{"line":79,"column":38}},"79":{"start":{"line":80,"column":0},"end":{"line":80,"column":3}},"80":{"start":{"line":81,"column":0},"end":{"line":81,"column":0}},"81":{"start":{"line":82,"column":0},"end":{"line":82,"column":43}},"82":{"start":{"line":83,"column":0},"end":{"line":83,"column":0}},"83":{"start":{"line":84,"column":0},"end":{"line":84,"column":29}},"84":{"start":{"line":85,"column":0},"end":{"line":85,"column":39}},"85":{"start":{"line":86,"column":0},"end":{"line":86,"column":3}},"86":{"start":{"line":87,"column":0},"end":{"line":87,"column":0}},"87":{"start":{"line":88,"column":0},"end":{"line":88,"column":28}},"88":{"start":{"line":89,"column":0},"end":{"line":89,"column":53}},"89":{"start":{"line":90,"column":0},"end":{"line":90,"column":3}},"90":{"start":{"line":91,"column":0},"end":{"line":91,"column":0}},"91":{"start":{"line":92,"column":0},"end":{"line":92,"column":38}},"92":{"start":{"line":93,"column":0},"end":{"line":93,"column":70}},"93":{"start":{"line":94,"column":0},"end":{"line":94,"column":3}},"94":{"start":{"line":95,"column":0},"end":{"line":95,"column":0}},"95":{"start":{"line":96,"column":0},"end":{"line":96,"column":10}},"96":{"start":{"line":97,"column":0},"end":{"line":97,"column":33}},"97":{"start":{"line":98,"column":0},"end":{"line":98,"column":11}},"98":{"start":{"line":99,"column":0},"end":{"line":99,"column":23}},"99":{"start":{"line":100,"column":0},"end":{"line":100,"column":4}},"100":{"start":{"line":101,"column":0},"end":{"line":101,"column":2}},"101":{"start":{"line":102,"column":0},"end":{"line":102,"column":0}},"102":{"start":{"line":103,"column":0},"end":{"line":103,"column":39}},"103":{"start":{"line":104,"column":0},"end":{"line":104,"column":38}},"104":{"start":{"line":105,"column":0},"end":{"line":105,"column":56}},"105":{"start":{"line":106,"column":0},"end":{"line":106,"column":3}},"106":{"start":{"line":107,"column":0},"end":{"line":107,"column":0}},"107":{"start":{"line":108,"column":0},"end":{"line":108,"column":20}},"108":{"start":{"line":109,"column":0},"end":{"line":109,"column":23}},"109":{"start":{"line":110,"column":0},"end":{"line":110,"column":0}},"110":{"start":{"line":111,"column":0},"end":{"line":111,"column":25}},"111":{"start":{"line":112,"column":0},"end":{"line":112,"column":43}},"112":{"start":{"line":113,"column":0},"end":{"line":113,"column":3}},"113":{"start":{"line":114,"column":0},"end":{"line":114,"column":0}},"114":{"start":{"line":115,"column":0},"end":{"line":115,"column":40}},"115":{"start":{"line":116,"column":0},"end":{"line":116,"column":36}},"116":{"start":{"line":117,"column":0},"end":{"line":117,"column":25}},"117":{"start":{"line":118,"column":0},"end":{"line":118,"column":39}},"118":{"start":{"line":119,"column":0},"end":{"line":119,"column":12}},"119":{"start":{"line":120,"column":0},"end":{"line":120,"column":36}},"120":{"start":{"line":121,"column":0},"end":{"line":121,"column":5}},"121":{"start":{"line":122,"column":0},"end":{"line":122,"column":3}},"122":{"start":{"line":123,"column":0},"end":{"line":123,"column":0}},"123":{"start":{"line":124,"column":0},"end":{"line":124,"column":45}},"124":{"start":{"line":125,"column":0},"end":{"line":125,"column":0}},"125":{"start":{"line":126,"column":0},"end":{"line":126,"column":10}},"126":{"start":{"line":127,"column":0},"end":{"line":127,"column":33}},"127":{"start":{"line":128,"column":0},"end":{"line":128,"column":11}},"128":{"start":{"line":129,"column":0},"end":{"line":129,"column":26}},"129":{"start":{"line":130,"column":0},"end":{"line":130,"column":4}},"130":{"start":{"line":131,"column":0},"end":{"line":131,"column":2}},"131":{"start":{"line":132,"column":0},"end":{"line":132,"column":0}},"132":{"start":{"line":133,"column":0},"end":{"line":133,"column":39}},"133":{"start":{"line":134,"column":0},"end":{"line":134,"column":20}},"134":{"start":{"line":135,"column":0},"end":{"line":135,"column":0}},"135":{"start":{"line":136,"column":0},"end":{"line":136,"column":52}},"136":{"start":{"line":137,"column":0},"end":{"line":137,"column":29}},"137":{"start":{"line":138,"column":0},"end":{"line":138,"column":39}},"138":{"start":{"line":139,"column":0},"end":{"line":139,"column":3}},"139":{"start":{"line":140,"column":0},"end":{"line":140,"column":0}},"140":{"start":{"line":141,"column":0},"end":{"line":141,"column":63}},"141":{"start":{"line":142,"column":0},"end":{"line":142,"column":28}},"142":{"start":{"line":143,"column":0},"end":{"line":143,"column":38}},"143":{"start":{"line":144,"column":0},"end":{"line":144,"column":3}},"144":{"start":{"line":145,"column":0},"end":{"line":145,"column":0}},"145":{"start":{"line":146,"column":0},"end":{"line":146,"column":45}},"146":{"start":{"line":147,"column":0},"end":{"line":147,"column":28}},"147":{"start":{"line":148,"column":0},"end":{"line":148,"column":38}},"148":{"start":{"line":149,"column":0},"end":{"line":149,"column":3}},"149":{"start":{"line":150,"column":0},"end":{"line":150,"column":0}},"150":{"start":{"line":151,"column":0},"end":{"line":151,"column":10}},"151":{"start":{"line":152,"column":0},"end":{"line":152,"column":33}},"152":{"start":{"line":153,"column":0},"end":{"line":153,"column":11}},"153":{"start":{"line":154,"column":0},"end":{"line":154,"column":16}},"154":{"start":{"line":155,"column":0},"end":{"line":155,"column":14}},"155":{"start":{"line":156,"column":0},"end":{"line":156,"column":35}},"156":{"start":{"line":157,"column":0},"end":{"line":157,"column":40}},"157":{"start":{"line":158,"column":0},"end":{"line":158,"column":33}},"158":{"start":{"line":159,"column":0},"end":{"line":159,"column":6}},"159":{"start":{"line":160,"column":0},"end":{"line":160,"column":4}},"160":{"start":{"line":161,"column":0},"end":{"line":161,"column":2}},"161":{"start":{"line":162,"column":0},"end":{"line":162,"column":0}},"162":{"start":{"line":163,"column":0},"end":{"line":163,"column":39}},"163":{"start":{"line":164,"column":0},"end":{"line":164,"column":20}},"164":{"start":{"line":165,"column":0},"end":{"line":165,"column":0}},"165":{"start":{"line":166,"column":0},"end":{"line":166,"column":52}},"166":{"start":{"line":167,"column":0},"end":{"line":167,"column":29}},"167":{"start":{"line":168,"column":0},"end":{"line":168,"column":39}},"168":{"start":{"line":169,"column":0},"end":{"line":169,"column":3}},"169":{"start":{"line":170,"column":0},"end":{"line":170,"column":0}},"170":{"start":{"line":171,"column":0},"end":{"line":171,"column":10}},"171":{"start":{"line":172,"column":0},"end":{"line":172,"column":33}},"172":{"start":{"line":173,"column":0},"end":{"line":173,"column":11}},"173":{"start":{"line":174,"column":0},"end":{"line":174,"column":16}},"174":{"start":{"line":175,"column":0},"end":{"line":175,"column":14}},"175":{"start":{"line":176,"column":0},"end":{"line":176,"column":35}},"176":{"start":{"line":177,"column":0},"end":{"line":177,"column":6}},"177":{"start":{"line":178,"column":0},"end":{"line":178,"column":4}},"178":{"start":{"line":179,"column":0},"end":{"line":179,"column":2}},"179":{"start":{"line":180,"column":0},"end":{"line":180,"column":0}},"180":{"start":{"line":181,"column":0},"end":{"line":181,"column":16}},"181":{"start":{"line":182,"column":0},"end":{"line":182,"column":20}},"182":{"start":{"line":183,"column":0},"end":{"line":183,"column":20}},"183":{"start":{"line":184,"column":0},"end":{"line":184,"column":26}},"184":{"start":{"line":185,"column":0},"end":{"line":185,"column":14}},"185":{"start":{"line":186,"column":0},"end":{"line":186,"column":15}},"186":{"start":{"line":187,"column":0},"end":{"line":187,"column":15}},"187":{"start":{"line":188,"column":0},"end":{"line":188,"column":15}},"188":{"start":{"line":189,"column":0},"end":{"line":189,"column":2}}},"s":{"0":1,"1":5,"2":5,"3":5,"4":1,"5":1,"6":1,"7":4,"8":4,"9":4,"10":5,"11":1,"12":1,"13":4,"14":5,"15":1,"16":1,"17":4,"18":5,"19":1,"20":1,"21":4,"22":4,"23":4,"24":4,"25":4,"26":4,"27":4,"28":1,"29":1,"30":4,"31":4,"32":4,"33":1,"34":1,"35":1,"36":3,"37":3,"38":3,"39":4,"40":0,"41":0,"42":3,"43":4,"44":1,"45":1,"46":3,"47":3,"48":3,"49":3,"50":3,"51":3,"52":3,"53":1,"54":1,"55":5,"56":2,"57":2,"58":3,"59":3,"60":3,"61":3,"62":5,"63":1,"64":1,"65":3,"66":3,"67":3,"68":3,"69":3,"70":3,"71":3,"72":1,"73":1,"74":20,"75":20,"76":20,"77":0,"78":0,"79":0,"80":20,"81":20,"82":20,"83":20,"84":0,"85":0,"86":20,"87":20,"88":1,"89":1,"90":20,"91":20,"92":1,"93":1,"94":20,"95":20,"96":20,"97":20,"98":20,"99":20,"100":20,"101":1,"102":1,"103":5,"104":0,"105":0,"106":5,"107":5,"108":5,"109":5,"110":5,"111":1,"112":1,"113":5,"114":5,"115":15,"116":15,"117":15,"118":15,"119":0,"120":0,"121":15,"122":5,"123":5,"124":5,"125":5,"126":5,"127":5,"128":5,"129":5,"130":5,"131":1,"132":1,"133":2,"134":2,"135":2,"136":2,"137":1,"138":1,"139":2,"140":2,"141":2,"142":0,"143":0,"144":2,"145":2,"146":2,"147":0,"148":0,"149":2,"150":2,"151":2,"152":2,"153":2,"154":2,"155":2,"156":2,"157":2,"158":2,"159":2,"160":2,"161":1,"162":1,"163":0,"164":0,"165":0,"166":0,"167":0,"168":0,"169":0,"170":0,"171":0,"172":0,"173":0,"174":0,"175":0,"176":0,"177":0,"178":0,"179":1,"180":1,"181":1,"182":1,"183":1,"184":1,"185":1,"186":1,"187":1,"188":1},"branchMap":{"0":{"type":"branch","line":1,"loc":{"start":{"line":1,"column":33},"end":{"line":28,"column":2}},"locations":[{"start":{"line":1,"column":33},"end":{"line":28,"column":2}}]},"1":{"type":"branch","line":4,"loc":{"start":{"line":4,"column":13},"end":{"line":4,"column":41}},"locations":[{"start":{"line":4,"column":13},"end":{"line":4,"column":41}}]},"2":{"type":"branch","line":4,"loc":{"start":{"line":4,"column":43},"end":{"line":7,"column":3}},"locations":[{"start":{"line":4,"column":43},"end":{"line":7,"column":3}}]},"3":{"type":"branch","line":8,"loc":{"start":{"line":8,"column":-2},"end":{"line":11,"column":28}},"locations":[{"start":{"line":8,"column":-2},"end":{"line":11,"column":28}}]},"4":{"type":"branch","line":11,"loc":{"start":{"line":11,"column":28},"end":{"line":13,"column":3}},"locations":[{"start":{"line":11,"column":28},"end":{"line":13,"column":3}}]},"5":{"type":"branch","line":14,"loc":{"start":{"line":14,"column":-2},"end":{"line":15,"column":27}},"locations":[{"start":{"line":14,"column":-2},"end":{"line":15,"column":27}}]},"6":{"type":"branch","line":15,"loc":{"start":{"line":15,"column":27},"end":{"line":17,"column":3}},"locations":[{"start":{"line":15,"column":27},"end":{"line":17,"column":3}}]},"7":{"type":"branch","line":18,"loc":{"start":{"line":18,"column":-2},"end":{"line":19,"column":26}},"locations":[{"start":{"line":18,"column":-2},"end":{"line":19,"column":26}}]},"8":{"type":"branch","line":19,"loc":{"start":{"line":19,"column":26},"end":{"line":21,"column":3}},"locations":[{"start":{"line":19,"column":26},"end":{"line":21,"column":3}}]},"9":{"type":"branch","line":22,"loc":{"start":{"line":22,"column":-2},"end":{"line":28,"column":2}},"locations":[{"start":{"line":22,"column":-2},"end":{"line":28,"column":2}}]},"10":{"type":"branch","line":30,"loc":{"start":{"line":30,"column":33},"end":{"line":53,"column":2}},"locations":[{"start":{"line":30,"column":33},"end":{"line":53,"column":2}}]},"11":{"type":"branch","line":33,"loc":{"start":{"line":33,"column":13},"end":{"line":33,"column":41}},"locations":[{"start":{"line":33,"column":13},"end":{"line":33,"column":41}}]},"12":{"type":"branch","line":33,"loc":{"start":{"line":33,"column":43},"end":{"line":36,"column":3}},"locations":[{"start":{"line":33,"column":43},"end":{"line":36,"column":3}}]},"13":{"type":"branch","line":37,"loc":{"start":{"line":37,"column":-2},"end":{"line":40,"column":28}},"locations":[{"start":{"line":37,"column":-2},"end":{"line":40,"column":28}}]},"14":{"type":"branch","line":40,"loc":{"start":{"line":40,"column":28},"end":{"line":42,"column":3}},"locations":[{"start":{"line":40,"column":28},"end":{"line":42,"column":3}}]},"15":{"type":"branch","line":43,"loc":{"start":{"line":43,"column":-2},"end":{"line":44,"column":28}},"locations":[{"start":{"line":43,"column":-2},"end":{"line":44,"column":28}}]},"16":{"type":"branch","line":44,"loc":{"start":{"line":44,"column":28},"end":{"line":46,"column":3}},"locations":[{"start":{"line":44,"column":28},"end":{"line":46,"column":3}}]},"17":{"type":"branch","line":47,"loc":{"start":{"line":47,"column":-2},"end":{"line":53,"column":2}},"locations":[{"start":{"line":47,"column":-2},"end":{"line":53,"column":2}}]},"18":{"type":"branch","line":55,"loc":{"start":{"line":55,"column":39},"end":{"line":72,"column":2}},"locations":[{"start":{"line":55,"column":39},"end":{"line":72,"column":2}}]},"19":{"type":"branch","line":56,"loc":{"start":{"line":56,"column":20},"end":{"line":58,"column":3}},"locations":[{"start":{"line":56,"column":20},"end":{"line":58,"column":3}}]},"20":{"type":"branch","line":59,"loc":{"start":{"line":59,"column":-2},"end":{"line":63,"column":29}},"locations":[{"start":{"line":59,"column":-2},"end":{"line":63,"column":29}}]},"21":{"type":"branch","line":63,"loc":{"start":{"line":63,"column":29},"end":{"line":65,"column":3}},"locations":[{"start":{"line":63,"column":29},"end":{"line":65,"column":3}}]},"22":{"type":"branch","line":66,"loc":{"start":{"line":66,"column":-2},"end":{"line":72,"column":2}},"locations":[{"start":{"line":66,"column":-2},"end":{"line":72,"column":2}}]},"23":{"type":"branch","line":74,"loc":{"start":{"line":74,"column":27},"end":{"line":101,"column":2}},"locations":[{"start":{"line":74,"column":27},"end":{"line":101,"column":2}}]},"24":{"type":"branch","line":77,"loc":{"start":{"line":77,"column":39},"end":{"line":80,"column":3}},"locations":[{"start":{"line":77,"column":39},"end":{"line":80,"column":3}}]},"25":{"type":"branch","line":84,"loc":{"start":{"line":84,"column":28},"end":{"line":86,"column":3}},"locations":[{"start":{"line":84,"column":28},"end":{"line":86,"column":3}}]},"26":{"type":"branch","line":88,"loc":{"start":{"line":88,"column":27},"end":{"line":90,"column":3}},"locations":[{"start":{"line":88,"column":27},"end":{"line":90,"column":3}}]},"27":{"type":"branch","line":92,"loc":{"start":{"line":92,"column":37},"end":{"line":94,"column":3}},"locations":[{"start":{"line":92,"column":37},"end":{"line":94,"column":3}}]},"28":{"type":"branch","line":103,"loc":{"start":{"line":103,"column":28},"end":{"line":131,"column":2}},"locations":[{"start":{"line":103,"column":28},"end":{"line":131,"column":2}}]},"29":{"type":"branch","line":104,"loc":{"start":{"line":104,"column":37},"end":{"line":106,"column":3}},"locations":[{"start":{"line":104,"column":37},"end":{"line":106,"column":3}}]},"30":{"type":"branch","line":111,"loc":{"start":{"line":111,"column":24},"end":{"line":113,"column":3}},"locations":[{"start":{"line":111,"column":24},"end":{"line":113,"column":3}}]},"31":{"type":"branch","line":115,"loc":{"start":{"line":115,"column":39},"end":{"line":122,"column":3}},"locations":[{"start":{"line":115,"column":39},"end":{"line":122,"column":3}}]},"32":{"type":"branch","line":119,"loc":{"start":{"line":119,"column":5},"end":{"line":121,"column":5}},"locations":[{"start":{"line":119,"column":5},"end":{"line":121,"column":5}}]},"33":{"type":"branch","line":133,"loc":{"start":{"line":133,"column":28},"end":{"line":161,"column":2}},"locations":[{"start":{"line":133,"column":28},"end":{"line":161,"column":2}}]},"34":{"type":"branch","line":137,"loc":{"start":{"line":137,"column":28},"end":{"line":139,"column":3}},"locations":[{"start":{"line":137,"column":28},"end":{"line":139,"column":3}}]},"35":{"type":"branch","line":142,"loc":{"start":{"line":142,"column":27},"end":{"line":144,"column":3}},"locations":[{"start":{"line":142,"column":27},"end":{"line":144,"column":3}}]},"36":{"type":"branch","line":147,"loc":{"start":{"line":147,"column":27},"end":{"line":149,"column":3}},"locations":[{"start":{"line":147,"column":27},"end":{"line":149,"column":3}}]}},"b":{"0":[5],"1":[4],"2":[1],"3":[4],"4":[1],"5":[4],"6":[1],"7":[4],"8":[1],"9":[4],"10":[4],"11":[3],"12":[1],"13":[3],"14":[0],"15":[3],"16":[1],"17":[3],"18":[5],"19":[2],"20":[3],"21":[1],"22":[3],"23":[20],"24":[0],"25":[0],"26":[1],"27":[1],"28":[5],"29":[0],"30":[1],"31":[15],"32":[0],"33":[2],"34":[1],"35":[0],"36":[0]},"fnMap":{"0":{"name":"validateListTitle","decl":{"start":{"line":1,"column":33},"end":{"line":28,"column":2}},"loc":{"start":{"line":1,"column":33},"end":{"line":28,"column":2}},"line":1},"1":{"name":"validateCardTitle","decl":{"start":{"line":30,"column":33},"end":{"line":53,"column":2}},"loc":{"start":{"line":30,"column":33},"end":{"line":53,"column":2}},"line":30},"2":{"name":"validateCardDescription","decl":{"start":{"line":55,"column":39},"end":{"line":72,"column":2}},"loc":{"start":{"line":55,"column":39},"end":{"line":72,"column":2}},"line":55},"3":{"name":"validateTag","decl":{"start":{"line":74,"column":27},"end":{"line":101,"column":2}},"loc":{"start":{"line":74,"column":27},"end":{"line":101,"column":2}},"line":74},"4":{"name":"validateTags","decl":{"start":{"line":103,"column":28},"end":{"line":131,"column":2}},"loc":{"start":{"line":103,"column":28},"end":{"line":131,"column":2}},"line":103},"5":{"name":"validateCard","decl":{"start":{"line":133,"column":28},"end":{"line":161,"column":2}},"loc":{"start":{"line":133,"column":28},"end":{"line":161,"column":2}},"line":133},"6":{"name":"validateList","decl":{"start":{"line":163,"column":28},"end":{"line":179,"column":2}},"loc":{"start":{"line":163,"column":28},"end":{"line":179,"column":2}},"line":163}},"f":{"0":5,"1":4,"2":5,"3":20,"4":5,"5":2,"6":0}}
}
